
     Program GIPAW v.6.4.1 starts on  2May2021 at 23: 6:20 

     This program is part of the open-source Quantum ESPRESSO suite
     for quantum simulation of materials; please cite
         "P. Giannozzi et al., J. Phys.:Condens. Matter 21 395502 (2009);
         "P. Giannozzi et al., J. Phys.:Condens. Matter 29 465901 (2017);
          URL http://www.quantum-espresso.org", 
     in publications or presentations arising from this work. More details at
     http://www.quantum-espresso.org/quote

     Parallel version (MPI), running on    96 processors

     MPI processes distributed on     4 nodes
     R & G space division:  proc/nbgrp/npool/nimage =      96
 
     ***** This is GIPAW git revision 4132a64778b91c4b090d0213938e00d7b2b64b10 *****
     ***** you can cite: N. Varini et al., Comp. Phys. Comm. 184, 1827 (2013)  *****
     ***** in publications or presentations arising from this work.            *****
 
     Parallelizing q-star over 1 images

     Reading data from directory:
     ./tmp/ca2mno4.save/

     IMPORTANT: XC functional enforced from input :
     Exchange-correlation      = PBE ( 1  4  3  4 0 0)
     Any further DFT definition will be discarded
     Please, verify this is what you really want

               file Mn.pbe-spn-kjpaw_psl.0.3.1.UPF: wavefunction(s)  3P 3D renormalized
               file Mn.pbe-spn-kjpaw_psl.0.3.1.UPF: wavefunction(s)  3P 3D renormalized
               file Ca.pbe-spn-kjpaw_psl.1.0.0.UPF: wavefunction(s)  3S renormalized
               file O.pbe-nl-kjpaw_psl.1.0.0.UPF: wavefunction(s)  2S 2P renormalized
 
     Parallelization info
     --------------------
     sticks:   dense  smooth     PW     G-vecs:    dense   smooth      PW
     Min         112      82     22                 5750     3612     504
     Max         113      83     23                 5757     3617     508
     Sum       10819    7925   2129               552271   346933   48539
 
     Generating pointlists ...
     new r_m :   0.1487 (alat units)  1.4581 (a.u.) for type    1
     new r_m :   0.1487 (alat units)  1.4581 (a.u.) for type    2
     new r_m :   0.1836 (alat units)  1.8004 (a.u.) for type    3
     new r_m :   0.1487 (alat units)  1.4581 (a.u.) for type    4

     Check: negative core charge=   -0.000003

     Subspace diagonalization in iterative solution of the eigenvalue problem:
     one sub-group per k-point group (pool) will be used
     scalapack distributed-memory algorithm (size of sub-group:  6*  6 procs)

     GIPAW projectors -----------------------------------------------
     atom=  Mn1  l=0  rc=    1.7000  rs=    1.1333
     atom=  Mn1  l=0  rc=    1.6000  rs=    1.0667
     atom=  Mn1  l=1  rc=    1.9000  rs=    1.2667
     atom=  Mn1  l=1  rc=    1.9000  rs=    1.2667
     atom=  Mn1  l=2  rc=    1.6000  rs=    1.0667
     atom=  Mn1  l=2  rc=    1.6000  rs=    1.0667
     projs nearly linearly dependent: l=2  n1,n2= 1, 2  s=  0.99954374
 
     atom=  Mn2  l=0  rc=    1.7000  rs=    1.1333
     atom=  Mn2  l=0  rc=    1.6000  rs=    1.0667
     atom=  Mn2  l=1  rc=    1.9000  rs=    1.2667
     atom=  Mn2  l=1  rc=    1.9000  rs=    1.2667
     atom=  Mn2  l=2  rc=    1.6000  rs=    1.0667
     atom=  Mn2  l=2  rc=    1.6000  rs=    1.0667
     projs nearly linearly dependent: l=2  n1,n2= 1, 2  s=  0.99954374
 
     atom=  Ca   l=0  rc=    1.3000  rs=    0.8667
     atom=  Ca   l=0  rc=    1.3000  rs=    0.8667
     atom=  Ca   l=1  rc=    1.6000  rs=    1.0667
     atom=  Ca   l=1  rc=    1.6000  rs=    1.0667
     atom=  Ca   l=2  rc=    1.7000  rs=    1.1333
     atom=  Ca   l=2  rc=    1.7000  rs=    1.1333
     projs nearly linearly dependent: l=0  n1,n2= 1, 2  s=  0.99170013
     projs nearly linearly dependent: l=2  n1,n2= 1, 2  s=  0.99334936
 
     atom=  O    l=0  rc=    1.3000  rs=    0.8667
     atom=  O    l=0  rc=    1.3000  rs=    0.8667
     atom=  O    l=1  rc=    1.4500  rs=    0.9667
     atom=  O    l=1  rc=    1.4500  rs=    0.9667
     projs nearly linearly dependent: l=1  n1,n2= 1, 2  s=  0.99651136
     -----------------------------------------------------------------
 
     GIPAW integrals: -------------------------------------------
     Atom  i/j   nmr_para   nmr_dia   epr_rmc  epr_para   epr_dia
       Mn1 1 1   0.65E+04  0.45E+00  0.27E+02  0.33E+10  0.20E+04
       Mn1 2 1   0.28E+04 -0.11E+01  0.98E+01  0.15E+10  0.81E+03
       Mn1 2 2   0.11E+04 -0.21E+01 -0.20E+01  0.65E+09  0.28E+03
       Mn1 3 3   0.15E+03  0.32E+01  0.55E+02  0.37E+06  0.11E+04
       Mn1 4 3   0.15E+03  0.35E+01  0.61E+02  0.38E+06  0.11E+04
       Mn1 4 4   0.16E+03  0.29E+01  0.68E+02  0.39E+06  0.11E+04
       Mn1 5 5   0.12E+02  0.22E+01  0.31E+02  0.34E+04  0.32E+03
       Mn1 6 5   0.13E+02  0.24E+01  0.33E+02  0.36E+04  0.33E+03
       Mn1 6 6   0.14E+02  0.25E+01  0.35E+02  0.38E+04  0.35E+03
       Mn2 1 1   0.65E+04  0.45E+00  0.27E+02  0.33E+10  0.20E+04
       Mn2 2 1   0.28E+04 -0.11E+01  0.98E+01  0.15E+10  0.81E+03
       Mn2 2 2   0.11E+04 -0.21E+01 -0.20E+01  0.65E+09  0.28E+03
       Mn2 3 3   0.15E+03  0.32E+01  0.55E+02  0.37E+06  0.11E+04
       Mn2 4 3   0.15E+03  0.35E+01  0.61E+02  0.38E+06  0.11E+04
       Mn2 4 4   0.16E+03  0.29E+01  0.68E+02  0.39E+06  0.11E+04
       Mn2 5 5   0.12E+02  0.22E+01  0.31E+02  0.34E+04  0.32E+03
       Mn2 6 5   0.13E+02  0.24E+01  0.33E+02  0.36E+04  0.33E+03
       Mn2 6 6   0.14E+02  0.25E+01  0.35E+02  0.38E+04  0.35E+03
       Ca  1 1   0.25E+04 -0.66E+00  0.13E+02  0.81E+09  0.75E+03
       Ca  2 1   0.26E+04 -0.73E+00  0.13E+02  0.86E+09  0.79E+03
       Ca  2 2   0.28E+04 -0.80E+00  0.13E+02  0.92E+09  0.84E+03
       Ca  3 3   0.30E+02  0.22E+00  0.11E+02  0.47E+05  0.19E+03
       Ca  4 3   0.33E+02  0.20E+00  0.12E+02  0.54E+05  0.22E+03
       Ca  4 4   0.37E+02  0.17E+00  0.13E+02  0.60E+05  0.24E+03
       Ca  5 5   0.29E+01  0.74E+00  0.81E+01  0.47E+03  0.66E+02
       Ca  6 5   0.36E+01  0.91E+00  0.10E+02  0.59E+03  0.81E+02
       Ca  6 6   0.45E+01  0.11E+01  0.13E+02  0.74E+03  0.10E+03
       O   1 1   0.81E+03 -0.32E+00  0.65E+01  0.43E+08  0.24E+03
       O   2 1   0.91E+03 -0.39E+00  0.71E+01  0.48E+08  0.27E+03
       O   2 2   0.10E+04 -0.48E+00  0.78E+01  0.55E+08  0.31E+03
       O   3 3   0.10E+02  0.99E+00  0.64E+01  0.23E+04  0.76E+02
       O   4 3   0.12E+02  0.11E+01  0.75E+01  0.27E+04  0.87E+02
       O   4 4   0.13E+02  0.13E+01  0.88E+01  0.31E+04  0.99E+02
     ------------------------------------------------------------
 
     alpha_pv=    162.1654 eV
 
     Number of occupied bands for each k-point:
     k-point:     1    nbnd_occ= 118
     k-point:     2    nbnd_occ= 118
     k-point:     3    nbnd_occ= 118
     k-point:     4    nbnd_occ= 118
     k-point:     5    nbnd_occ= 118
     k-point:     6    nbnd_occ= 118
     k-point:     7    nbnd_occ= 118
     k-point:     8    nbnd_occ= 118
     k-point:     9    nbnd_occ= 118
     k-point:    10    nbnd_occ= 118
     k-point:    11    nbnd_occ= 118
     k-point:    12    nbnd_occ= 118
     k-point:    13    nbnd_occ= 118
     k-point:    14    nbnd_occ= 118
     k-point:    15    nbnd_occ= 118
     k-point:    16    nbnd_occ= 118
     k-point:    17    nbnd_occ= 118
     k-point:    18    nbnd_occ= 118
     k-point:    19    nbnd_occ= 118
     k-point:    20    nbnd_occ= 118
     k-point:    21    nbnd_occ= 118
     k-point:    22    nbnd_occ= 118
     k-point:    23    nbnd_occ= 118
     k-point:    24    nbnd_occ= 118
     k-point:    25    nbnd_occ= 118
     k-point:    26    nbnd_occ= 118
     k-point:    27    nbnd_occ= 118
     k-point:    28    nbnd_occ= 118
     k-point:    29    nbnd_occ= 118
     k-point:    30    nbnd_occ= 118
     k-point:    31    nbnd_occ= 118
     k-point:    32    nbnd_occ= 118
 
 
     q-space interpolation up to   121.00 Rydberg
 
     GIPAW job: efg                                                                             
 

     (RHO,ZETA) => (RHO_UP,RHO_DOWN)

     select_spin: s_maj=1 s_min=2 rho_diff=   -0.000000
 
 
     ELECTRIC FIELD GRADIENTS TENSORS IN Hartree/bohrradius^2:
 
     ----- bare term -----
     Mn1  1       -0.123016       -0.000036        0.023437
     Mn1  1       -0.000036        0.218465       -0.000064
     Mn1  1        0.023437       -0.000064       -0.095449
 
     Mn2  2       -0.095703       -0.000081        0.023475
     Mn2  2       -0.000081        0.218172       -0.000066
     Mn2  2        0.023475       -0.000066       -0.122469
 
     Mn1  3       -0.095703       -0.000081        0.023475
     Mn1  3       -0.000081        0.218172       -0.000066
     Mn1  3        0.023475       -0.000066       -0.122469
 
     Mn2  4       -0.123016       -0.000036        0.023437
     Mn2  4       -0.000036        0.218465       -0.000064
     Mn2  4        0.023437       -0.000064       -0.095449
 
     Ca   5        0.055658        0.000030        0.028919
     Ca   5        0.000030       -0.111209        0.000092
     Ca   5        0.028919        0.000092        0.055551
 
     Ca   6        0.055569        0.000112       -0.028707
     Ca   6        0.000112       -0.111040        0.000125
     Ca   6       -0.028707        0.000125        0.055472
 
     Ca   7        0.055658        0.000030        0.028919
     Ca   7        0.000030       -0.111209        0.000092
     Ca   7        0.028919        0.000092        0.055551
 
     Ca   8        0.055569        0.000112       -0.028707
     Ca   8        0.000112       -0.111040        0.000125
     Ca   8       -0.028707        0.000125        0.055472
 
     Ca   9        0.055658        0.000030        0.028919
     Ca   9        0.000030       -0.111209        0.000092
     Ca   9        0.028919        0.000092        0.055551
 
     Ca  10        0.055569        0.000112       -0.028707
     Ca  10        0.000112       -0.111040        0.000125
     Ca  10       -0.028707        0.000125        0.055472
 
     Ca  11        0.055569        0.000112       -0.028707
     Ca  11        0.000112       -0.111040        0.000125
     Ca  11       -0.028707        0.000125        0.055472
 
     Ca  12        0.055658        0.000030        0.028919
     Ca  12        0.000030       -0.111209        0.000092
     Ca  12        0.028919        0.000092        0.055551
 
     O   13        0.118353        0.000351        0.006159
     O   13        0.000351       -0.239267        0.000412
     O   13        0.006159        0.000412        0.120914
 
     O   14        0.121139        0.000376        0.003386
     O   14        0.000376       -0.239232        0.000616
     O   14        0.003386        0.000616        0.118094
 
     O   15        0.118353        0.000350        0.006159
     O   15        0.000350       -0.239267        0.000412
     O   15        0.006159        0.000412        0.120914
 
     O   16        0.121139        0.000376        0.003386
     O   16        0.000376       -0.239233        0.000616
     O   16        0.003386        0.000616        0.118094
 
     O   17        0.118353        0.000350        0.006159
     O   17        0.000350       -0.239266        0.000412
     O   17        0.006159        0.000412        0.120914
 
     O   18        0.121139        0.000376        0.003386
     O   18        0.000376       -0.239232        0.000616
     O   18        0.003386        0.000616        0.118094
 
     O   19        0.121139        0.000376        0.003386
     O   19        0.000376       -0.239233        0.000616
     O   19        0.003386        0.000616        0.118094
 
     O   20        0.118353        0.000351        0.006159
     O   20        0.000351       -0.239266        0.000412
     O   20        0.006159        0.000412        0.120914
 
     O   21       -0.156508        0.000263        0.277217
     O   21        0.000263        0.313273        0.000304
     O   21        0.277217        0.000304       -0.156765
 
     O   22       -0.133643       -0.000073       -0.211139
     O   22       -0.000073        0.267796       -0.000026
     O   22       -0.211139       -0.000026       -0.134154
 
     O   23       -0.156507        0.000263        0.277217
     O   23        0.000263        0.313273        0.000304
     O   23        0.277217        0.000304       -0.156766
 
     O   24       -0.133643       -0.000073       -0.211139
     O   24       -0.000073        0.267796       -0.000026
     O   24       -0.211139       -0.000026       -0.134154
 
     O   25       -0.156508        0.000263        0.277217
     O   25        0.000263        0.313273        0.000304
     O   25        0.277217        0.000304       -0.156765
 
     O   26       -0.133643       -0.000073       -0.211139
     O   26       -0.000073        0.267797       -0.000026
     O   26       -0.211139       -0.000026       -0.134154
 
     O   27       -0.133643       -0.000073       -0.211139
     O   27       -0.000073        0.267797       -0.000026
     O   27       -0.211139       -0.000026       -0.134153
 
     O   28       -0.156507        0.000263        0.277217
     O   28        0.000263        0.313273        0.000304
     O   28        0.277217        0.000304       -0.156766
 
     ----- ionic term -----
     Mn1  1        0.142834       -0.000000        0.000054
     Mn1  1       -0.000000       -0.285643        0.000000
     Mn1  1        0.000054        0.000000        0.142809
 
     Mn2  2        0.142834       -0.000000       -0.000054
     Mn2  2       -0.000000       -0.285643        0.000000
     Mn2  2       -0.000054        0.000000        0.142809
 
     Mn1  3        0.142834        0.000000       -0.000054
     Mn1  3        0.000000       -0.285643       -0.000000
     Mn1  3       -0.000054       -0.000000        0.142809
 
     Mn2  4        0.142834       -0.000000        0.000054
     Mn2  4       -0.000000       -0.285643        0.000000
     Mn2  4        0.000054        0.000000        0.142809
 
     Ca   5       -0.059597        0.000000       -0.025654
     Ca   5        0.000000        0.119105        0.000000
     Ca   5       -0.025654        0.000000       -0.059508
 
     Ca   6       -0.059597        0.000000        0.025654
     Ca   6        0.000000        0.119105        0.000000
     Ca   6        0.025654        0.000000       -0.059508
 
     Ca   7       -0.059597       -0.000000       -0.025654
     Ca   7       -0.000000        0.119105       -0.000000
     Ca   7       -0.025654       -0.000000       -0.059508
 
     Ca   8       -0.059597       -0.000000        0.025654
     Ca   8       -0.000000        0.119105        0.000000
     Ca   8        0.025654        0.000000       -0.059508
 
     Ca   9       -0.059597        0.000000       -0.025654
     Ca   9        0.000000        0.119105       -0.000000
     Ca   9       -0.025654       -0.000000       -0.059508
 
     Ca  10       -0.059597        0.000000        0.025654
     Ca  10        0.000000        0.119105        0.000000
     Ca  10        0.025654        0.000000       -0.059508
 
     Ca  11       -0.059597        0.000000        0.025654
     Ca  11        0.000000        0.119105       -0.000000
     Ca  11        0.025654       -0.000000       -0.059508
 
     Ca  12       -0.059597        0.000000       -0.025654
     Ca  12        0.000000        0.119105        0.000000
     Ca  12       -0.025654        0.000000       -0.059508
 
     O   13       -0.305620       -0.000000       -0.000051
     O   13       -0.000000        0.611133       -0.000000
     O   13       -0.000051       -0.000000       -0.305513
 
     O   14       -0.305620        0.000000        0.000051
     O   14        0.000000        0.611133        0.000000
     O   14        0.000051        0.000000       -0.305513
 
     O   15       -0.305620        0.000000       -0.000051
     O   15        0.000000        0.611133        0.000000
     O   15       -0.000051        0.000000       -0.305513
 
     O   16       -0.305620       -0.000000        0.000051
     O   16       -0.000000        0.611133       -0.000000
     O   16        0.000051       -0.000000       -0.305513
 
     O   17       -0.305620       -0.000000       -0.000051
     O   17       -0.000000        0.611133        0.000000
     O   17       -0.000051        0.000000       -0.305513
 
     O   18       -0.305620       -0.000000        0.000051
     O   18       -0.000000        0.611133       -0.000000
     O   18        0.000051       -0.000000       -0.305513
 
     O   19       -0.305620        0.000000        0.000051
     O   19        0.000000        0.611133       -0.000000
     O   19        0.000051       -0.000000       -0.305513
 
     O   20       -0.305620       -0.000000       -0.000051
     O   20       -0.000000        0.611133       -0.000000
     O   20       -0.000051       -0.000000       -0.305513
 
     O   21        0.361158       -0.000000       -0.746874
     O   21       -0.000000       -0.722269        0.000000
     O   21       -0.746874        0.000000        0.361111
 
     O   22        0.361158       -0.000000        0.746874
     O   22       -0.000000       -0.722269       -0.000000
     O   22        0.746874       -0.000000        0.361111
 
     O   23        0.361158        0.000000       -0.746874
     O   23        0.000000       -0.722269       -0.000000
     O   23       -0.746874       -0.000000        0.361111
 
     O   24        0.361158       -0.000000        0.746874
     O   24       -0.000000       -0.722269        0.000000
     O   24        0.746874        0.000000        0.361111
 
     O   25        0.361158       -0.000000       -0.746874
     O   25       -0.000000       -0.722269       -0.000000
     O   25       -0.746874       -0.000000        0.361111
 
     O   26        0.361158        0.000000        0.746874
     O   26        0.000000       -0.722269        0.000000
     O   26        0.746874        0.000000        0.361111
 
     O   27        0.361158        0.000000        0.746874
     O   27        0.000000       -0.722269       -0.000000
     O   27        0.746874       -0.000000        0.361111
 
     O   28        0.361158        0.000000       -0.746874
     O   28        0.000000       -0.722269        0.000000
     O   28       -0.746874        0.000000        0.361111
 
     ----- GIPAW term -----
     Mn1  1       -0.078411       -0.000073        0.056076
     Mn1  1       -0.000073        0.038926       -0.001220
     Mn1  1        0.056076       -0.001220        0.039486
 
     Mn2  2        0.039269       -0.001181        0.056778
     Mn2  2       -0.001181        0.038008       -0.000484
     Mn2  2        0.056778       -0.000484       -0.077277
 
     Mn1  3        0.039269       -0.001181        0.056779
     Mn1  3       -0.001181        0.038008       -0.000484
     Mn1  3        0.056779       -0.000484       -0.077278
 
     Mn2  4       -0.078412       -0.000073        0.056078
     Mn2  4       -0.000073        0.038925       -0.001220
     Mn2  4        0.056078       -0.001220        0.039487
 
     Ca   5        0.152185        0.000327        0.143017
     Ca   5        0.000327       -0.303931        0.000802
     Ca   5        0.143017        0.000802        0.151746
 
     Ca   6        0.147151        0.000990       -0.136981
     Ca   6        0.000990       -0.293951        0.001205
     Ca   6       -0.136981        0.001205        0.146800
 
     Ca   7        0.152185        0.000327        0.143017
     Ca   7        0.000327       -0.303930        0.000802
     Ca   7        0.143017        0.000802        0.151746
 
     Ca   8        0.147151        0.000990       -0.136981
     Ca   8        0.000990       -0.293951        0.001205
     Ca   8       -0.136981        0.001205        0.146800
 
     Ca   9        0.152185        0.000327        0.143017
     Ca   9        0.000327       -0.303931        0.000802
     Ca   9        0.143017        0.000802        0.151746
 
     Ca  10        0.147151        0.000990       -0.136981
     Ca  10        0.000990       -0.293951        0.001205
     Ca  10       -0.136981        0.001205        0.146800
 
     Ca  11        0.147151        0.000990       -0.136981
     Ca  11        0.000990       -0.293951        0.001205
     Ca  11       -0.136981        0.001205        0.146800
 
     Ca  12        0.152185        0.000327        0.143017
     Ca  12        0.000327       -0.303931        0.000802
     Ca  12        0.143017        0.000802        0.151746
 
     O   13       -0.224914        0.001081        0.019274
     O   13        0.001081        0.442275        0.001251
     O   13        0.019274        0.001251       -0.217361
 
     O   14       -0.217042        0.001134        0.010442
     O   14        0.001134        0.442430        0.001876
     O   14        0.010442        0.001876       -0.225387
 
     O   15       -0.224914        0.001081        0.019274
     O   15        0.001081        0.442275        0.001251
     O   15        0.019274        0.001251       -0.217361
 
     O   16       -0.217042        0.001135        0.010442
     O   16        0.001135        0.442429        0.001876
     O   16        0.010442        0.001876       -0.225387
 
     O   17       -0.224915        0.001081        0.019274
     O   17        0.001081        0.442276        0.001251
     O   17        0.019274        0.001251       -0.217361
 
     O   18       -0.217042        0.001135        0.010442
     O   18        0.001135        0.442430        0.001876
     O   18        0.010442        0.001876       -0.225387
 
     O   19       -0.217042        0.001134        0.010442
     O   19        0.001134        0.442429        0.001876
     O   19        0.010442        0.001876       -0.225387
 
     O   20       -0.224915        0.001081        0.019274
     O   20        0.001081        0.442276        0.001251
     O   20        0.019274        0.001251       -0.217361
 
     O   21        0.145732        0.000829       -0.415255
     O   21        0.000829       -0.290502        0.000948
     O   21       -0.415255        0.000948        0.144771
 
     O   22        0.214856       -0.000236        0.615907
     O   22       -0.000236       -0.427973       -0.000078
     O   22        0.615907       -0.000078        0.213117
 
     O   23        0.145735        0.000829       -0.415256
     O   23        0.000829       -0.290504        0.000948
     O   23       -0.415256        0.000948        0.144769
 
     O   24        0.214856       -0.000236        0.615907
     O   24       -0.000236       -0.427973       -0.000078
     O   24        0.615907       -0.000078        0.213118
 
     O   25        0.145733        0.000829       -0.415254
     O   25        0.000829       -0.290502        0.000948
     O   25       -0.415254        0.000948        0.144770
 
     O   26        0.214854       -0.000236        0.615906
     O   26       -0.000236       -0.427972       -0.000078
     O   26        0.615906       -0.000078        0.213118
 
     O   27        0.214853       -0.000236        0.615906
     O   27       -0.000236       -0.427972       -0.000078
     O   27        0.615906       -0.000078        0.213119
 
     O   28        0.145735        0.000829       -0.415256
     O   28        0.000829       -0.290504        0.000948
     O   28       -0.415256        0.000948        0.144768
 
     ----- total EFG -----
     Mn1  1       -0.058594       -0.000110        0.079566
     Mn1  1       -0.000110       -0.028252       -0.001284
     Mn1  1        0.079566       -0.001284        0.086846
 
     Mn2  2        0.086400       -0.001263        0.080199
     Mn2  2       -0.001263       -0.029463       -0.000550
     Mn2  2        0.080199       -0.000550       -0.056937
 
     Mn1  3        0.086400       -0.001263        0.080200
     Mn1  3       -0.001263       -0.029463       -0.000550
     Mn1  3        0.080200       -0.000550       -0.056937
 
     Mn2  4       -0.058594       -0.000110        0.079568
     Mn2  4       -0.000110       -0.028252       -0.001284
     Mn2  4        0.079568       -0.001284        0.086847
 
     Ca   5        0.148246        0.000357        0.146282
     Ca   5        0.000357       -0.296034        0.000893
     Ca   5        0.146282        0.000893        0.147788
 
     Ca   6        0.143123        0.001102       -0.140034
     Ca   6        0.001102       -0.285887        0.001330
     Ca   6       -0.140034        0.001330        0.142764
 
     Ca   7        0.148246        0.000357        0.146282
     Ca   7        0.000357       -0.296034        0.000893
     Ca   7        0.146282        0.000893        0.147788
 
     Ca   8        0.143123        0.001102       -0.140034
     Ca   8        0.001102       -0.285887        0.001330
     Ca   8       -0.140034        0.001330        0.142764
 
     Ca   9        0.148246        0.000357        0.146282
     Ca   9        0.000357       -0.296034        0.000893
     Ca   9        0.146282        0.000893        0.147788
 
     Ca  10        0.143123        0.001102       -0.140034
     Ca  10        0.001102       -0.285887        0.001330
     Ca  10       -0.140034        0.001330        0.142764
 
     Ca  11        0.143123        0.001102       -0.140034
     Ca  11        0.001102       -0.285887        0.001330
     Ca  11       -0.140034        0.001330        0.142764
 
     Ca  12        0.148246        0.000357        0.146282
     Ca  12        0.000357       -0.296034        0.000893
     Ca  12        0.146282        0.000893        0.147788
 
     O   13       -0.412181        0.001432        0.025382
     O   13        0.001432        0.814141        0.001664
     O   13        0.025382        0.001664       -0.401960
 
     O   14       -0.401524        0.001510        0.013879
     O   14        0.001510        0.814330        0.002492
     O   14        0.013879        0.002492       -0.412806
 
     O   15       -0.412181        0.001431        0.025382
     O   15        0.001431        0.814141        0.001664
     O   15        0.025382        0.001664       -0.401960
 
     O   16       -0.401523        0.001511        0.013879
     O   16        0.001511        0.814329        0.002492
     O   16        0.013879        0.002492       -0.412806
 
     O   17       -0.412182        0.001431        0.025382
     O   17        0.001431        0.814143        0.001664
     O   17        0.025382        0.001664       -0.401960
 
     O   18       -0.401524        0.001511        0.013879
     O   18        0.001511        0.814330        0.002492
     O   18        0.013879        0.002492       -0.412806
 
     O   19       -0.401523        0.001510        0.013879
     O   19        0.001510        0.814329        0.002492
     O   19        0.013879        0.002492       -0.412806
 
     O   20       -0.412182        0.001432        0.025382
     O   20        0.001432        0.814143        0.001664
     O   20        0.025382        0.001664       -0.401960
 
     O   21        0.350382        0.001091       -0.884912
     O   21        0.001091       -0.699498        0.001253
     O   21       -0.884912        0.001253        0.349116
 
     O   22        0.442372       -0.000309        1.151642
     O   22       -0.000309       -0.882446       -0.000104
     O   22        1.151642       -0.000104        0.440074
 
     O   23        0.350386        0.001091       -0.884914
     O   23        0.001091       -0.699500        0.001253
     O   23       -0.884914        0.001253        0.349114
 
     O   24        0.442371       -0.000309        1.151642
     O   24       -0.000309       -0.882446       -0.000104
     O   24        1.151642       -0.000104        0.440074
 
     O   25        0.350383        0.001091       -0.884911
     O   25        0.001091       -0.699498        0.001253
     O   25       -0.884911        0.001253        0.349115
 
     O   26        0.442369       -0.000309        1.151641
     O   26       -0.000309       -0.882444       -0.000104
     O   26        1.151641       -0.000104        0.440075
 
     O   27        0.442368       -0.000309        1.151641
     O   27       -0.000309       -0.882444       -0.000104
     O   27        1.151641       -0.000104        0.440076
 
     O   28        0.350387        0.001091       -0.884913
     O   28        0.001091       -0.699500        0.001253
     O   28       -0.884913        0.001253        0.349113
 
     ----- total EFG (symmetrized) -----
     Mn1  1        0.013903        0.000000       -0.000317
     Mn1  1        0.000000       -0.028857        0.000000
     Mn1  1       -0.000317        0.000000        0.014954
 
     Mn2  2        0.013903       -0.000000        0.000316
     Mn2  2        0.000000       -0.028858        0.000000
     Mn2  2        0.000316        0.000000        0.014955
 
     Mn1  3        0.013903        0.000000        0.000317
     Mn1  3       -0.000000       -0.028857        0.000000
     Mn1  3        0.000317        0.000000        0.014954
 
     Mn2  4        0.013903        0.000000       -0.000316
     Mn2  4        0.000000       -0.028858        0.000000
     Mn2  4       -0.000316        0.000000        0.014955
 
     Ca   5        0.145684        0.000000        0.143158
     Ca   5        0.000000       -0.290960        0.000000
     Ca   5        0.143158        0.000000        0.145276
 
     Ca   6        0.145684        0.000000       -0.143158
     Ca   6        0.000000       -0.290960        0.000000
     Ca   6       -0.143158        0.000000        0.145276
 
     Ca   7        0.145684        0.000000        0.143158
     Ca   7        0.000000       -0.290960        0.000000
     Ca   7        0.143158        0.000000        0.145276
 
     Ca   8        0.145684        0.000000       -0.143158
     Ca   8        0.000000       -0.290960        0.000000
     Ca   8       -0.143158        0.000000        0.145276
 
     Ca   9        0.145684        0.000000        0.143158
     Ca   9        0.000000       -0.290960        0.000000
     Ca   9        0.143158        0.000000        0.145276
 
     Ca  10        0.145684        0.000000       -0.143158
     Ca  10        0.000000       -0.290960        0.000000
     Ca  10       -0.143158        0.000000        0.145276
 
     Ca  11        0.145684        0.000000       -0.143158
     Ca  11        0.000000       -0.290960        0.000000
     Ca  11       -0.143158        0.000000        0.145276
 
     Ca  12        0.145684        0.000000        0.143158
     Ca  12        0.000000       -0.290960        0.000000
     Ca  12        0.143158        0.000000        0.145276
 
     O   13       -0.406852       -0.000000        0.005751
     O   13       -0.000000        0.814235        0.000000
     O   13        0.005751        0.000000       -0.407383
 
     O   14       -0.406853        0.000000       -0.005752
     O   14        0.000000        0.814236        0.000000
     O   14       -0.005752        0.000000       -0.407383
 
     O   15       -0.406852       -0.000000        0.005751
     O   15       -0.000000        0.814235        0.000000
     O   15        0.005751        0.000000       -0.407383
 
     O   16       -0.406852       -0.000000       -0.005751
     O   16       -0.000000        0.814235        0.000000
     O   16       -0.005751        0.000000       -0.407383
 
     O   17       -0.406853        0.000000        0.005752
     O   17        0.000000        0.814236        0.000000
     O   17        0.005752        0.000000       -0.407383
 
     O   18       -0.406853        0.000000       -0.005752
     O   18        0.000000        0.814236        0.000000
     O   18       -0.005752        0.000000       -0.407383
 
     O   19       -0.406852       -0.000000       -0.005751
     O   19       -0.000000        0.814235        0.000000
     O   19       -0.005751        0.000000       -0.407383
 
     O   20       -0.406853        0.000000        0.005752
     O   20        0.000000        0.814236        0.000000
     O   20        0.005752        0.000000       -0.407383
 
     O   21        0.396377        0.000000       -1.018277
     O   21        0.000000       -0.790972        0.000000
     O   21       -1.018277        0.000000        0.394595
 
     O   22        0.396378        0.000000        1.018277
     O   22        0.000000       -0.790972        0.000000
     O   22        1.018277        0.000000        0.394594
 
     O   23        0.396377        0.000000       -1.018277
     O   23        0.000000       -0.790972       -0.000000
     O   23       -1.018277       -0.000000        0.394595
 
     O   24        0.396377        0.000000        1.018277
     O   24        0.000000       -0.790972        0.000000
     O   24        1.018277        0.000000        0.394595
 
     O   25        0.396378        0.000000       -1.018277
     O   25        0.000000       -0.790972       -0.000000
     O   25       -1.018277        0.000000        0.394594
 
     O   26        0.396378        0.000000        1.018277
     O   26        0.000000       -0.790972        0.000000
     O   26        1.018277        0.000000        0.394594
 
     O   27        0.396377        0.000000        1.018277
     O   27        0.000000       -0.790972        0.000000
     O   27        1.018277        0.000000        0.394595
 
     O   28        0.396378        0.000000       -1.018277
     O   28       -0.000000       -0.790972        0.000000
     O   28       -1.018277        0.000000        0.394594
 
 
     NQR/NMR SPECTROSCOPIC PARAMETERS:
     Mn1  1    Vxx=    0.0138    axis=(  0.963428  0.000000  0.267967)
     Mn1  1    Vyy=    0.0150    axis=( -0.267967 -0.000000  0.963428)
     Mn1  1    Vzz=   -0.0289    axis=(  0.000000  1.000000  0.000000)
     Mn1  1  Q=        33.0000 1e-30 m^2  Cq=        -2.2375 MHz  eta= 0.04254
 
     Mn2  2    Vxx=    0.0138    axis=(  0.963747  0.000000 -0.266819)
     Mn2  2    Vyy=    0.0150    axis=(  0.266819  0.000000  0.963747)
     Mn2  2    Vzz=   -0.0289    axis=(  0.000000 -1.000000  0.000000)
     Mn2  2  Q=        33.0000 1e-30 m^2  Cq=        -2.2375 MHz  eta= 0.04253
 
     Mn1  3    Vxx=    0.0138    axis=( -0.963428  0.000000  0.267967)
     Mn1  3    Vyy=    0.0150    axis=(  0.267967 -0.000000  0.963428)
     Mn1  3    Vzz=   -0.0289    axis=(  0.000000 -1.000000  0.000000)
     Mn1  3  Q=        33.0000 1e-30 m^2  Cq=        -2.2375 MHz  eta= 0.04254
 
     Mn2  4    Vxx=    0.0138    axis=( -0.963747  0.000000 -0.266819)
     Mn2  4    Vyy=    0.0150    axis=( -0.266819  0.000000  0.963747)
     Mn2  4    Vzz=   -0.0289    axis=(  0.000000  1.000000  0.000000)
     Mn2  4  Q=        33.0000 1e-30 m^2  Cq=        -2.2375 MHz  eta= 0.04253
 
     Ca   5    Vxx=    0.0023    axis=(  0.706603  0.000000 -0.707611)
     Ca   5    Vyy=    0.2886    axis=(  0.707611  0.000000  0.706603)
     Ca   5    Vzz=   -0.2910    axis=(  0.000000 -1.000000  0.000000)
     Ca   5  Q=        -6.6500 1e-30 m^2  Cq=         4.5462 MHz  eta= 0.98404
 
     Ca   6    Vxx=    0.0023    axis=( -0.706602  0.000000 -0.707611)
     Ca   6    Vyy=    0.2886    axis=( -0.707611  0.000000  0.706602)
     Ca   6    Vzz=   -0.2910    axis=(  0.000000  1.000000  0.000000)
     Ca   6  Q=        -6.6500 1e-30 m^2  Cq=         4.5462 MHz  eta= 0.98404
 
     Ca   7    Vxx=    0.0023    axis=(  0.706603  0.000000 -0.707611)
     Ca   7    Vyy=    0.2886    axis=(  0.707611  0.000000  0.706603)
     Ca   7    Vzz=   -0.2910    axis=(  0.000000 -1.000000  0.000000)
     Ca   7  Q=        -6.6500 1e-30 m^2  Cq=         4.5462 MHz  eta= 0.98404
 
     Ca   8    Vxx=    0.0023    axis=( -0.706603  0.000000 -0.707611)
     Ca   8    Vyy=    0.2886    axis=( -0.707611  0.000000  0.706603)
     Ca   8    Vzz=   -0.2910    axis=(  0.000000  1.000000  0.000000)
     Ca   8  Q=        -6.6500 1e-30 m^2  Cq=         4.5462 MHz  eta= 0.98404
 
     Ca   9    Vxx=    0.0023    axis=(  0.706602  0.000000 -0.707611)
     Ca   9    Vyy=    0.2886    axis=(  0.707611  0.000000  0.706602)
     Ca   9    Vzz=   -0.2910    axis=(  0.000000 -1.000000  0.000000)
     Ca   9  Q=        -6.6500 1e-30 m^2  Cq=         4.5462 MHz  eta= 0.98404
 
     Ca  10    Vxx=    0.0023    axis=( -0.706602  0.000000 -0.707611)
     Ca  10    Vyy=    0.2886    axis=( -0.707611  0.000000  0.706602)
     Ca  10    Vzz=   -0.2910    axis=(  0.000000  1.000000  0.000000)
     Ca  10  Q=        -6.6500 1e-30 m^2  Cq=         4.5462 MHz  eta= 0.98404
 
     Ca  11    Vxx=    0.0023    axis=( -0.706603  0.000000 -0.707611)
     Ca  11    Vyy=    0.2886    axis=( -0.707611  0.000000  0.706603)
     Ca  11    Vzz=   -0.2910    axis=(  0.000000  1.000000  0.000000)
     Ca  11  Q=        -6.6500 1e-30 m^2  Cq=         4.5462 MHz  eta= 0.98404
 
     Ca  12    Vxx=    0.0023    axis=(  0.706602  0.000000 -0.707611)
     Ca  12    Vyy=    0.2886    axis=(  0.707611  0.000000  0.706602)
     Ca  12    Vzz=   -0.2910    axis=(  0.000000 -1.000000  0.000000)
     Ca  12  Q=        -6.6500 1e-30 m^2  Cq=         4.5462 MHz  eta= 0.98404
 
     O   13    Vxx=   -0.4014    axis=(  0.723212  0.000000  0.690626)
     O   13    Vyy=   -0.4129    axis=( -0.690626  0.000000  0.723212)
     O   13    Vzz=    0.8142    axis=(  0.000000 -1.000000  0.000000)
     O   13  Q=        -2.5600 1e-30 m^2  Cq=        -4.8976 MHz  eta= 0.01414
 
     O   14    Vxx=   -0.4014    axis=( -0.723203  0.000000  0.690636)
     O   14    Vyy=   -0.4129    axis=(  0.690636  0.000000  0.723203)
     O   14    Vzz=    0.8142    axis=(  0.000000  1.000000  0.000000)
     O   14  Q=        -2.5600 1e-30 m^2  Cq=        -4.8976 MHz  eta= 0.01414
 
     O   15    Vxx=   -0.4014    axis=(  0.723212  0.000000  0.690626)
     O   15    Vyy=   -0.4129    axis=( -0.690626  0.000000  0.723212)
     O   15    Vzz=    0.8142    axis=(  0.000000 -1.000000  0.000000)
     O   15  Q=        -2.5600 1e-30 m^2  Cq=        -4.8976 MHz  eta= 0.01414
 
     O   16    Vxx=   -0.4014    axis=( -0.723212  0.000000  0.690626)
     O   16    Vyy=   -0.4129    axis=(  0.690626  0.000000  0.723212)
     O   16    Vzz=    0.8142    axis=(  0.000000  1.000000  0.000000)
     O   16  Q=        -2.5600 1e-30 m^2  Cq=        -4.8976 MHz  eta= 0.01414
 
     O   17    Vxx=   -0.4014    axis=(  0.723203  0.000000  0.690636)
     O   17    Vyy=   -0.4129    axis=( -0.690636  0.000000  0.723203)
     O   17    Vzz=    0.8142    axis=(  0.000000 -1.000000  0.000000)
     O   17  Q=        -2.5600 1e-30 m^2  Cq=        -4.8976 MHz  eta= 0.01414
 
     O   18    Vxx=   -0.4014    axis=( -0.723203  0.000000  0.690636)
     O   18    Vyy=   -0.4129    axis=(  0.690636  0.000000  0.723203)
     O   18    Vzz=    0.8142    axis=(  0.000000  1.000000  0.000000)
     O   18  Q=        -2.5600 1e-30 m^2  Cq=        -4.8976 MHz  eta= 0.01414
 
     O   19    Vxx=   -0.4014    axis=( -0.723212  0.000000  0.690626)
     O   19    Vyy=   -0.4129    axis=(  0.690626  0.000000  0.723212)
     O   19    Vzz=    0.8142    axis=(  0.000000  1.000000  0.000000)
     O   19  Q=        -2.5600 1e-30 m^2  Cq=        -4.8976 MHz  eta= 0.01414
 
     O   20    Vxx=   -0.4014    axis=(  0.723203  0.000000  0.690636)
     O   20    Vyy=   -0.4129    axis=( -0.690636  0.000000  0.723203)
     O   20    Vzz=    0.8142    axis=(  0.000000 -1.000000  0.000000)
     O   20  Q=        -2.5600 1e-30 m^2  Cq=        -4.8976 MHz  eta= 0.01414
 
     O   21    Vxx=   -0.6228    axis=( -0.706797  0.000000 -0.707416)
     O   21    Vyy=   -0.7910    axis=(  0.000000  1.000000  0.000000)
     O   21    Vzz=    1.4138    axis=( -0.707416  0.000000  0.706797)
     O   21  Q=        -2.5600 1e-30 m^2  Cq=        -8.5038 MHz  eta= 0.11896
 
     O   22    Vxx=   -0.6228    axis=(  0.706797  0.000000 -0.707416)
     O   22    Vyy=   -0.7910    axis=(  0.000000 -1.000000  0.000000)
     O   22    Vzz=    1.4138    axis=(  0.707416  0.000000  0.706797)
     O   22  Q=        -2.5600 1e-30 m^2  Cq=        -8.5038 MHz  eta= 0.11896
 
     O   23    Vxx=   -0.6228    axis=( -0.706797  0.000000 -0.707416)
     O   23    Vyy=   -0.7910    axis=(  0.000000 -1.000000  0.000000)
     O   23    Vzz=    1.4138    axis=(  0.707416  0.000000 -0.706797)
     O   23  Q=        -2.5600 1e-30 m^2  Cq=        -8.5038 MHz  eta= 0.11896
 
     O   24    Vxx=   -0.6228    axis=(  0.706797  0.000000 -0.707416)
     O   24    Vyy=   -0.7910    axis=(  0.000000 -1.000000  0.000000)
     O   24    Vzz=    1.4138    axis=(  0.707416  0.000000  0.706797)
     O   24  Q=        -2.5600 1e-30 m^2  Cq=        -8.5038 MHz  eta= 0.11896
 
     O   25    Vxx=   -0.6228    axis=( -0.706797  0.000000 -0.707416)
     O   25    Vyy=   -0.7910    axis=(  0.000000  1.000000  0.000000)
     O   25    Vzz=    1.4138    axis=( -0.707416  0.000000  0.706797)
     O   25  Q=        -2.5600 1e-30 m^2  Cq=        -8.5038 MHz  eta= 0.11896
 
     O   26    Vxx=   -0.6228    axis=(  0.706797  0.000000 -0.707416)
     O   26    Vyy=   -0.7910    axis=(  0.000000 -1.000000  0.000000)
     O   26    Vzz=    1.4138    axis=(  0.707416  0.000000  0.706797)
     O   26  Q=        -2.5600 1e-30 m^2  Cq=        -8.5038 MHz  eta= 0.11896
 
     O   27    Vxx=   -0.6228    axis=(  0.706797  0.000000 -0.707416)
     O   27    Vyy=   -0.7910    axis=(  0.000000 -1.000000  0.000000)
     O   27    Vzz=    1.4138    axis=(  0.707416  0.000000  0.706797)
     O   27  Q=        -2.5600 1e-30 m^2  Cq=        -8.5038 MHz  eta= 0.11896
 
     O   28    Vxx=   -0.6228    axis=( -0.706797  0.000000 -0.707416)
     O   28    Vyy=   -0.7910    axis=(  0.000000  1.000000  0.000000)
     O   28    Vzz=    1.4138    axis=( -0.707416  0.000000  0.706797)
     O   28  Q=        -2.5600 1e-30 m^2  Cq=        -8.5038 MHz  eta= 0.11896
 
     Initialization:
     gipaw_setup  :      0.48s CPU      0.79s WALL (       1 calls)
 
     Linear response
 
     Apply operators
 
     Induced current
 
     Other routines
     efg          :     10.91s CPU     24.67s WALL (       1 calls)
 
     General routines
     calbec       :      0.37s CPU      0.66s WALL (      32 calls)
     fft          :      0.44s CPU      0.83s WALL (      28 calls)
     ffts         :      0.01s CPU      0.02s WALL (       3 calls)
     fftw         :     10.10s CPU     23.39s WALL (    4544 calls)
     davcio       :      0.01s CPU      0.10s WALL (      96 calls)
 
     Parallel routines
 
     Plugins
 
 
     GIPAW        :     42.52s CPU   1m32.44s WALL

 
   This run was terminated on:  23: 7:52   2May2021            

=------------------------------------------------------------------------------=
   JOB DONE.
=------------------------------------------------------------------------------=
