
     Program GIPAW v.6.4.1 starts on  2May2021 at 19:44:58 

     This program is part of the open-source Quantum ESPRESSO suite
     for quantum simulation of materials; please cite
         "P. Giannozzi et al., J. Phys.:Condens. Matter 21 395502 (2009);
         "P. Giannozzi et al., J. Phys.:Condens. Matter 29 465901 (2017);
          URL http://www.quantum-espresso.org", 
     in publications or presentations arising from this work. More details at
     http://www.quantum-espresso.org/quote

     Parallel version (MPI), running on    96 processors

     MPI processes distributed on     4 nodes
     R & G space division:  proc/nbgrp/npool/nimage =      96
 
     ***** This is GIPAW git revision 4132a64778b91c4b090d0213938e00d7b2b64b10 *****
     ***** you can cite: N. Varini et al., Comp. Phys. Comm. 184, 1827 (2013)  *****
     ***** in publications or presentations arising from this work.            *****
 
     Parallelizing q-star over 1 images

     Reading data from directory:
     ./tmp/ca2tio4.save/

     IMPORTANT: XC functional enforced from input :
     Exchange-correlation      = PBE ( 1  4  3  4 0 0)
     Any further DFT definition will be discarded
     Please, verify this is what you really want

               file Ti.pbe-spn-kjpaw_psl.0.3.1.UPF: wavefunction(s)  3D renormalized
               file Ca.pbe-spn-kjpaw_psl.1.0.0.UPF: wavefunction(s)  3S renormalized
               file O.pbe-nl-kjpaw_psl.1.0.0.UPF: wavefunction(s)  2S 2P renormalized
 
     Parallelization info
     --------------------
     sticks:   dense  smooth     PW     G-vecs:    dense   smooth      PW
     Min         116      85     23                 6161     3867     539
     Max         118      86     24                 6167     3872     543
     Sum       11231    8225   2223               591801   371451   51949
 

     Check: negative core charge=   -0.000004

     Subspace diagonalization in iterative solution of the eigenvalue problem:
     one sub-group per k-point group (pool) will be used
     scalapack distributed-memory algorithm (size of sub-group:  6*  6 procs)

     GIPAW projectors -----------------------------------------------
     atom=  Ti   l=0  rc=    1.7000  rs=    1.1333
     atom=  Ti   l=0  rc=    1.7000  rs=    1.1333
     atom=  Ti   l=1  rc=    1.8000  rs=    1.2000
     atom=  Ti   l=1  rc=    1.8000  rs=    1.2000
     atom=  Ti   l=2  rc=    1.7000  rs=    1.1333
     atom=  Ti   l=2  rc=    1.7000  rs=    1.1333
 
     atom=  Ca   l=0  rc=    1.3000  rs=    0.8667
     atom=  Ca   l=0  rc=    1.3000  rs=    0.8667
     atom=  Ca   l=1  rc=    1.6000  rs=    1.0667
     atom=  Ca   l=1  rc=    1.6000  rs=    1.0667
     atom=  Ca   l=2  rc=    1.7000  rs=    1.1333
     atom=  Ca   l=2  rc=    1.7000  rs=    1.1333
     projs nearly linearly dependent: l=0  n1,n2= 1, 2  s=  0.99170013
     projs nearly linearly dependent: l=2  n1,n2= 1, 2  s=  0.99334936
 
     atom=  O    l=0  rc=    1.3000  rs=    0.8667
     atom=  O    l=0  rc=    1.3000  rs=    0.8667
     atom=  O    l=1  rc=    1.4500  rs=    0.9667
     atom=  O    l=1  rc=    1.4500  rs=    0.9667
     projs nearly linearly dependent: l=1  n1,n2= 1, 2  s=  0.99651136
     -----------------------------------------------------------------
 
     GIPAW integrals: -------------------------------------------
     Atom  i/j   nmr_para   nmr_dia   epr_rmc  epr_para   epr_dia
       Ti  1 1   0.28E+04 -0.33E+00  0.13E+02  0.11E+10  0.85E+03
       Ti  2 1   0.18E+04 -0.10E+01  0.71E+01  0.75E+09  0.55E+03
       Ti  2 2   0.12E+04 -0.17E+01  0.11E+01  0.51E+09  0.35E+03
       Ti  3 3   0.51E+02  0.97E+00  0.20E+02  0.98E+05  0.37E+03
       Ti  4 3   0.27E+02 -0.16E+00  0.82E+01  0.56E+05  0.18E+03
       Ti  4 4   0.12E+02 -0.98E+00 -0.26E+01  0.32E+05  0.77E+02
       Ti  5 5   0.53E+01  0.12E+01  0.15E+02  0.11E+04  0.14E+03
       Ti  6 5   0.69E+01  0.16E+01  0.20E+02  0.14E+04  0.17E+03
       Ti  6 6   0.91E+01  0.20E+01  0.26E+02  0.19E+04  0.22E+03
       Ca  1 1   0.25E+04 -0.66E+00  0.13E+02  0.81E+09  0.75E+03
       Ca  2 1   0.26E+04 -0.73E+00  0.13E+02  0.86E+09  0.79E+03
       Ca  2 2   0.28E+04 -0.80E+00  0.13E+02  0.92E+09  0.84E+03
       Ca  3 3   0.30E+02  0.22E+00  0.11E+02  0.47E+05  0.19E+03
       Ca  4 3   0.33E+02  0.20E+00  0.12E+02  0.54E+05  0.22E+03
       Ca  4 4   0.37E+02  0.17E+00  0.13E+02  0.60E+05  0.24E+03
       Ca  5 5   0.29E+01  0.74E+00  0.81E+01  0.47E+03  0.66E+02
       Ca  6 5   0.36E+01  0.91E+00  0.10E+02  0.59E+03  0.81E+02
       Ca  6 6   0.45E+01  0.11E+01  0.13E+02  0.74E+03  0.10E+03
       O   1 1   0.81E+03 -0.32E+00  0.65E+01  0.43E+08  0.24E+03
       O   2 1   0.91E+03 -0.39E+00  0.71E+01  0.48E+08  0.27E+03
       O   2 2   0.10E+04 -0.48E+00  0.78E+01  0.55E+08  0.31E+03
       O   3 3   0.10E+02  0.99E+00  0.64E+01  0.23E+04  0.76E+02
       O   4 3   0.12E+02  0.11E+01  0.75E+01  0.27E+04  0.87E+02
       O   4 4   0.13E+02  0.13E+01  0.88E+01  0.31E+04  0.99E+02
     ------------------------------------------------------------
 
     alpha_pv=    112.1164 eV
 
     Number of occupied bands for each k-point:
     k-point:     1    nbnd_occ= 112
     k-point:     2    nbnd_occ= 112
     k-point:     3    nbnd_occ= 112
     k-point:     4    nbnd_occ= 112
     k-point:     5    nbnd_occ= 112
     k-point:     6    nbnd_occ= 112
     k-point:     7    nbnd_occ= 112
     k-point:     8    nbnd_occ= 112
     k-point:     9    nbnd_occ= 112
     k-point:    10    nbnd_occ= 112
     k-point:    11    nbnd_occ= 112
     k-point:    12    nbnd_occ= 112
     k-point:    13    nbnd_occ= 112
     k-point:    14    nbnd_occ= 112
     k-point:    15    nbnd_occ= 112
     k-point:    16    nbnd_occ= 112
     k-point:    17    nbnd_occ= 112
     k-point:    18    nbnd_occ= 112
     k-point:    19    nbnd_occ= 112
     k-point:    20    nbnd_occ= 112
     k-point:    21    nbnd_occ= 112
     k-point:    22    nbnd_occ= 112
     k-point:    23    nbnd_occ= 112
     k-point:    24    nbnd_occ= 112
     k-point:    25    nbnd_occ= 112
     k-point:    26    nbnd_occ= 112
     k-point:    27    nbnd_occ= 112
     k-point:    28    nbnd_occ= 112
 
 
     q-space interpolation up to   121.00 Rydberg
 
     GIPAW job: efg                                                                             
 
 
     ELECTRIC FIELD GRADIENTS TENSORS IN Hartree/bohrradius^2:
 
     ----- bare term -----
     Ti   1       -0.106282       -0.000103       -0.000891
     Ti   1       -0.000103        0.213378       -0.000066
     Ti   1       -0.000891       -0.000066       -0.107096
 
     Ti   2       -0.106279       -0.000135        0.000888
     Ti   2       -0.000135        0.213376        0.000056
     Ti   2        0.000888        0.000056       -0.107097
 
     Ti   3       -0.106282       -0.000135        0.000892
     Ti   3       -0.000135        0.213377        0.000056
     Ti   3        0.000892        0.000056       -0.107094
 
     Ti   4       -0.106278       -0.000103       -0.000887
     Ti   4       -0.000103        0.213376       -0.000066
     Ti   4       -0.000887       -0.000066       -0.107098
 
     Ca   5        0.069368        0.000026        0.032634
     Ca   5        0.000026       -0.138519       -0.000006
     Ca   5        0.032634       -0.000006        0.069151
 
     Ca   6        0.069367        0.000035       -0.032634
     Ca   6        0.000035       -0.138517        0.000015
     Ca   6       -0.032634        0.000015        0.069150
 
     Ca   7        0.069368        0.000026        0.032634
     Ca   7        0.000026       -0.138519       -0.000006
     Ca   7        0.032634       -0.000006        0.069151
 
     Ca   8        0.069366        0.000035       -0.032633
     Ca   8        0.000035       -0.138515        0.000015
     Ca   8       -0.032633        0.000015        0.069148
 
     Ca   9        0.069366        0.000026        0.032633
     Ca   9        0.000026       -0.138514       -0.000006
     Ca   9        0.032633       -0.000006        0.069148
 
     Ca  10        0.069367        0.000035       -0.032634
     Ca  10        0.000035       -0.138517        0.000015
     Ca  10       -0.032634        0.000015        0.069150
 
     Ca  11        0.069366        0.000035       -0.032633
     Ca  11        0.000035       -0.138515        0.000015
     Ca  11       -0.032633        0.000015        0.069148
 
     Ca  12        0.069366        0.000026        0.032633
     Ca  12        0.000026       -0.138514       -0.000006
     Ca  12        0.032633       -0.000006        0.069148
 
     O   13        0.237130        0.000281        0.001811
     O   13        0.000281       -0.473752        0.000031
     O   13        0.001811        0.000031        0.236623
 
     O   14        0.237130        0.000284       -0.001812
     O   14        0.000284       -0.473752        0.000005
     O   14       -0.001812        0.000005        0.236622
 
     O   15        0.237130        0.000281        0.001811
     O   15        0.000281       -0.473752        0.000031
     O   15        0.001811        0.000031        0.236623
 
     O   16        0.237128        0.000284       -0.001811
     O   16        0.000284       -0.473748        0.000005
     O   16       -0.001811        0.000005        0.236621
 
     O   17        0.237129        0.000281        0.001812
     O   17        0.000281       -0.473749        0.000031
     O   17        0.001812        0.000031        0.236620
 
     O   18        0.237130        0.000284       -0.001812
     O   18        0.000284       -0.473752        0.000005
     O   18       -0.001812        0.000005        0.236622
 
     O   19        0.237128        0.000284       -0.001811
     O   19        0.000284       -0.473748        0.000005
     O   19       -0.001811        0.000005        0.236621
 
     O   20        0.237129        0.000281        0.001812
     O   20        0.000281       -0.473749        0.000031
     O   20        0.001812        0.000031        0.236620
 
     O   21       -0.200409        0.000080        0.394693
     O   21        0.000080        0.401112        0.000007
     O   21        0.394693        0.000007       -0.200703
 
     O   22       -0.200409        0.000074       -0.394694
     O   22        0.000074        0.401113       -0.000005
     O   22       -0.394694       -0.000005       -0.200703
 
     O   23       -0.200409        0.000080        0.394693
     O   23        0.000080        0.401112        0.000007
     O   23        0.394693        0.000007       -0.200703
 
     O   24       -0.200406        0.000074       -0.394688
     O   24        0.000074        0.401106       -0.000005
     O   24       -0.394688       -0.000005       -0.200700
 
     O   25       -0.200407        0.000080        0.394690
     O   25        0.000080        0.401108        0.000007
     O   25        0.394690        0.000007       -0.200701
 
     O   26       -0.200409        0.000074       -0.394694
     O   26        0.000074        0.401113       -0.000005
     O   26       -0.394694       -0.000005       -0.200703
 
     O   27       -0.200406        0.000074       -0.394688
     O   27        0.000074        0.401106       -0.000005
     O   27       -0.394688       -0.000005       -0.200700
 
     O   28       -0.200407        0.000080        0.394690
     O   28        0.000080        0.401108        0.000007
     O   28        0.394690        0.000007       -0.200701
 
     ----- ionic term -----
     Ti   1        0.096707        0.000000        0.000407
     Ti   1        0.000000       -0.193733       -0.000000
     Ti   1        0.000407       -0.000000        0.097026
 
     Ti   2        0.096704       -0.000000       -0.000405
     Ti   2       -0.000000       -0.193732        0.000000
     Ti   2       -0.000405        0.000000        0.097028
 
     Ti   3        0.096706       -0.000000       -0.000407
     Ti   3       -0.000000       -0.193731        0.000000
     Ti   3       -0.000407        0.000000        0.097025
 
     Ti   4        0.096703        0.000000        0.000405
     Ti   4        0.000000       -0.193730        0.000000
     Ti   4        0.000405        0.000000        0.097028
 
     Ca   5       -0.063852        0.000000       -0.028588
     Ca   5        0.000000        0.127496       -0.000000
     Ca   5       -0.028588       -0.000000       -0.063644
 
     Ca   6       -0.063851       -0.000000        0.028588
     Ca   6       -0.000000        0.127494        0.000000
     Ca   6        0.028588        0.000000       -0.063643
 
     Ca   7       -0.063852        0.000000       -0.028588
     Ca   7        0.000000        0.127496        0.000000
     Ca   7       -0.028588        0.000000       -0.063644
 
     Ca   8       -0.063850        0.000000        0.028588
     Ca   8        0.000000        0.127491        0.000000
     Ca   8        0.028588        0.000000       -0.063642
 
     Ca   9       -0.063849        0.000000       -0.028588
     Ca   9        0.000000        0.127491        0.000000
     Ca   9       -0.028588        0.000000       -0.063641
 
     Ca  10       -0.063851       -0.000000        0.028588
     Ca  10       -0.000000        0.127494        0.000000
     Ca  10        0.028588        0.000000       -0.063643
 
     Ca  11       -0.063850        0.000000        0.028588
     Ca  11       -0.000000        0.127491        0.000000
     Ca  11        0.028588        0.000000       -0.063642
 
     Ca  12       -0.063849        0.000000       -0.028588
     Ca  12        0.000000        0.127491       -0.000000
     Ca  12       -0.028588       -0.000000       -0.063641
 
     O   13       -0.248406        0.000000       -0.000058
     O   13        0.000000        0.496559       -0.000000
     O   13       -0.000058       -0.000000       -0.248153
 
     O   14       -0.248407       -0.000000        0.000058
     O   14       -0.000000        0.496559       -0.000000
     O   14        0.000058       -0.000000       -0.248153
 
     O   15       -0.248406        0.000000       -0.000058
     O   15        0.000000        0.496559        0.000000
     O   15       -0.000058        0.000000       -0.248153
 
     O   16       -0.248404       -0.000000        0.000058
     O   16       -0.000000        0.496556       -0.000000
     O   16        0.000058       -0.000000       -0.248152
 
     O   17       -0.248405        0.000000       -0.000058
     O   17        0.000000        0.496557        0.000000
     O   17       -0.000058        0.000000       -0.248151
 
     O   18       -0.248407       -0.000000        0.000058
     O   18       -0.000000        0.496559        0.000000
     O   18        0.000058        0.000000       -0.248153
 
     O   19       -0.248404        0.000000        0.000058
     O   19        0.000000        0.496556        0.000000
     O   19        0.000058        0.000000       -0.248152
 
     O   20       -0.248405        0.000000       -0.000058
     O   20        0.000000        0.496557        0.000000
     O   20       -0.000058        0.000000       -0.248151
 
     O   21        0.242698        0.000000       -0.482924
     O   21        0.000000       -0.485688       -0.000000
     O   21       -0.482924       -0.000000        0.242990
 
     O   22        0.242699        0.000000        0.482925
     O   22        0.000000       -0.485689       -0.000000
     O   22        0.482925       -0.000000        0.242990
 
     O   23        0.242698        0.000000       -0.482924
     O   23        0.000000       -0.485688        0.000000
     O   23       -0.482924        0.000000        0.242990
 
     O   24        0.242696        0.000000        0.482918
     O   24        0.000000       -0.485682        0.000000
     O   24        0.482918        0.000000        0.242987
 
     O   25        0.242696        0.000000       -0.482921
     O   25        0.000000       -0.485684       -0.000000
     O   25       -0.482921       -0.000000        0.242988
 
     O   26        0.242699       -0.000000        0.482925
     O   26       -0.000000       -0.485689       -0.000000
     O   26        0.482925       -0.000000        0.242990
 
     O   27        0.242696       -0.000000        0.482918
     O   27       -0.000000       -0.485682        0.000000
     O   27        0.482918        0.000000        0.242987
 
     O   28        0.242696       -0.000000       -0.482921
     O   28       -0.000000       -0.485684       -0.000000
     O   28       -0.482921       -0.000000        0.242988
 
     ----- GIPAW term -----
     Ti   1       -0.029879        0.000095       -0.002127
     Ti   1        0.000095        0.061347       -0.000079
     Ti   1       -0.002127       -0.000079       -0.031468
 
     Ti   2       -0.029875        0.000056        0.002123
     Ti   2        0.000056        0.061343        0.000078
     Ti   2        0.002123        0.000078       -0.031468
 
     Ti   3       -0.029883        0.000056        0.002129
     Ti   3        0.000056        0.061353        0.000078
     Ti   3        0.002129        0.000078       -0.031470
 
     Ti   4       -0.029878        0.000095       -0.002121
     Ti   4        0.000095        0.061350       -0.000079
     Ti   4       -0.002121       -0.000079       -0.031473
 
     Ca   5        0.236562        0.000338        0.146078
     Ca   5        0.000338       -0.472366       -0.000050
     Ca   5        0.146078       -0.000050        0.235804
 
     Ca   6        0.236560        0.000393       -0.146078
     Ca   6        0.000393       -0.472361        0.000102
     Ca   6       -0.146078        0.000102        0.235801
 
     Ca   7        0.236562        0.000338        0.146078
     Ca   7        0.000338       -0.472366       -0.000050
     Ca   7        0.146078       -0.000050        0.235804
 
     Ca   8        0.236556        0.000393       -0.146078
     Ca   8        0.000393       -0.472355        0.000102
     Ca   8       -0.146078        0.000102        0.235799
 
     Ca   9        0.236556        0.000338        0.146077
     Ca   9        0.000338       -0.472353       -0.000050
     Ca   9        0.146077       -0.000050        0.235797
 
     Ca  10        0.236560        0.000393       -0.146078
     Ca  10        0.000393       -0.472361        0.000102
     Ca  10       -0.146078        0.000102        0.235801
 
     Ca  11        0.236556        0.000393       -0.146078
     Ca  11        0.000393       -0.472355        0.000102
     Ca  11       -0.146078        0.000102        0.235799
 
     Ca  12        0.236556        0.000338        0.146077
     Ca  12        0.000338       -0.472353       -0.000050
     Ca  12        0.146077       -0.000050        0.235797
 
     O   13        0.051783        0.000871        0.005751
     O   13        0.000871       -0.102788        0.000095
     O   13        0.005751        0.000095        0.051005
 
     O   14        0.051784        0.000880       -0.005751
     O   14        0.000880       -0.102788        0.000015
     O   14       -0.005751        0.000015        0.051004
 
     O   15        0.051783        0.000871        0.005751
     O   15        0.000871       -0.102788        0.000095
     O   15        0.005751        0.000095        0.051005
 
     O   16        0.051780        0.000880       -0.005750
     O   16        0.000880       -0.102783        0.000015
     O   16       -0.005750        0.000015        0.051003
 
     O   17        0.051782        0.000871        0.005752
     O   17        0.000871       -0.102784        0.000095
     O   17        0.005752        0.000095        0.051001
 
     O   18        0.051784        0.000880       -0.005751
     O   18        0.000880       -0.102788        0.000015
     O   18       -0.005751        0.000015        0.051004
 
     O   19        0.051780        0.000880       -0.005750
     O   19        0.000880       -0.102783        0.000015
     O   19       -0.005750        0.000015        0.051003
 
     O   20        0.051782        0.000871        0.005752
     O   20        0.000871       -0.102784        0.000095
     O   20        0.005752        0.000095        0.051001
 
     O   21        0.011324        0.000252       -0.038899
     O   21        0.000252       -0.022429        0.000032
     O   21       -0.038899        0.000032        0.011105
 
     O   22        0.011324        0.000228        0.038899
     O   22        0.000228       -0.022429       -0.000025
     O   22        0.038899       -0.000025        0.011104
 
     O   23        0.011324        0.000252       -0.038899
     O   23        0.000252       -0.022429        0.000032
     O   23       -0.038899        0.000032        0.011105
 
     O   24        0.011324        0.000228        0.038905
     O   24        0.000228       -0.022428       -0.000025
     O   24        0.038905       -0.000025        0.011104
 
     O   25        0.011324        0.000252       -0.038904
     O   25        0.000252       -0.022427        0.000032
     O   25       -0.038904        0.000032        0.011104
 
     O   26        0.011324        0.000228        0.038899
     O   26        0.000228       -0.022429       -0.000025
     O   26        0.038899       -0.000025        0.011104
 
     O   27        0.011324        0.000228        0.038905
     O   27        0.000228       -0.022428       -0.000025
     O   27        0.038905       -0.000025        0.011104
 
     O   28        0.011324        0.000252       -0.038904
     O   28        0.000252       -0.022427        0.000032
     O   28       -0.038904        0.000032        0.011104
 
     ----- total EFG -----
     Ti   1       -0.039455       -0.000009       -0.002611
     Ti   1       -0.000009        0.080992       -0.000144
     Ti   1       -0.002611       -0.000144       -0.041538
 
     Ti   2       -0.039449       -0.000079        0.002606
     Ti   2       -0.000079        0.080987        0.000134
     Ti   2        0.002606        0.000134       -0.041537
 
     Ti   3       -0.039459       -0.000079        0.002613
     Ti   3       -0.000079        0.080998        0.000134
     Ti   3        0.002613        0.000134       -0.041539
 
     Ti   4       -0.039453       -0.000008       -0.002604
     Ti   4       -0.000008        0.080996       -0.000144
     Ti   4       -0.002604       -0.000144       -0.041543
 
     Ca   5        0.242078        0.000364        0.150123
     Ca   5        0.000364       -0.483389       -0.000056
     Ca   5        0.150123       -0.000056        0.241311
 
     Ca   6        0.242076        0.000428       -0.150123
     Ca   6        0.000428       -0.483384        0.000117
     Ca   6       -0.150123        0.000117        0.241308
 
     Ca   7        0.242078        0.000364        0.150123
     Ca   7        0.000364       -0.483389       -0.000056
     Ca   7        0.150123       -0.000056        0.241311
 
     Ca   8        0.242073        0.000428       -0.150123
     Ca   8        0.000428       -0.483378        0.000117
     Ca   8       -0.150123        0.000117        0.241306
 
     Ca   9        0.242072        0.000364        0.150123
     Ca   9        0.000364       -0.483376       -0.000056
     Ca   9        0.150123       -0.000056        0.241304
 
     Ca  10        0.242076        0.000428       -0.150123
     Ca  10        0.000428       -0.483384        0.000117
     Ca  10       -0.150123        0.000117        0.241308
 
     Ca  11        0.242073        0.000428       -0.150123
     Ca  11        0.000428       -0.483378        0.000117
     Ca  11       -0.150123        0.000117        0.241306
 
     Ca  12        0.242072        0.000364        0.150123
     Ca  12        0.000364       -0.483376       -0.000056
     Ca  12        0.150123       -0.000056        0.241304
 
     O   13        0.040507        0.001152        0.007504
     O   13        0.001152       -0.079982        0.000126
     O   13        0.007504        0.000126        0.039475
 
     O   14        0.040508        0.001164       -0.007505
     O   14        0.001164       -0.079981        0.000021
     O   14       -0.007505        0.000021        0.039473
 
     O   15        0.040507        0.001152        0.007504
     O   15        0.001152       -0.079981        0.000126
     O   15        0.007504        0.000126        0.039475
 
     O   16        0.040503        0.001164       -0.007504
     O   16        0.001164       -0.079975        0.000021
     O   16       -0.007504        0.000021        0.039472
 
     O   17        0.040506        0.001152        0.007505
     O   17        0.001152       -0.079976        0.000126
     O   17        0.007505        0.000126        0.039470
 
     O   18        0.040508        0.001164       -0.007505
     O   18        0.001164       -0.079981        0.000021
     O   18       -0.007505        0.000021        0.039473
 
     O   19        0.040503        0.001164       -0.007504
     O   19        0.001164       -0.079975        0.000021
     O   19       -0.007504        0.000021        0.039472
 
     O   20        0.040506        0.001152        0.007505
     O   20        0.001152       -0.079976        0.000126
     O   20        0.007505        0.000126        0.039470
 
     O   21        0.053614        0.000333       -0.127129
     O   21        0.000333       -0.107006        0.000039
     O   21       -0.127129        0.000039        0.053392
 
     O   22        0.053614        0.000303        0.127129
     O   22        0.000303       -0.107005       -0.000030
     O   22        0.127129       -0.000030        0.053391
 
     O   23        0.053614        0.000333       -0.127129
     O   23        0.000333       -0.107006        0.000039
     O   23       -0.127129        0.000039        0.053392
 
     O   24        0.053613        0.000303        0.127135
     O   24        0.000303       -0.107005       -0.000030
     O   24        0.127135       -0.000030        0.053391
 
     O   25        0.053613        0.000333       -0.127134
     O   25        0.000333       -0.107003        0.000039
     O   25       -0.127134        0.000039        0.053391
 
     O   26        0.053614        0.000303        0.127129
     O   26        0.000303       -0.107005       -0.000030
     O   26        0.127129       -0.000030        0.053391
 
     O   27        0.053613        0.000303        0.127135
     O   27        0.000303       -0.107005       -0.000030
     O   27        0.127135       -0.000030        0.053391
 
     O   28        0.053613        0.000333       -0.127134
     O   28        0.000333       -0.107003        0.000039
     O   28       -0.127134        0.000039        0.053391
 
     ----- total EFG (symmetrized) -----
     Ti   1       -0.039455        0.000000       -0.002611
     Ti   1        0.000000        0.080992        0.000000
     Ti   1       -0.002611        0.000000       -0.041538
 
     Ti   2       -0.039449        0.000000        0.002606
     Ti   2        0.000000        0.080987        0.000000
     Ti   2        0.002606        0.000000       -0.041537
 
     Ti   3       -0.039459        0.000000        0.002613
     Ti   3        0.000000        0.080998        0.000000
     Ti   3        0.002613        0.000000       -0.041539
 
     Ti   4       -0.039453        0.000000       -0.002604
     Ti   4        0.000000        0.080996        0.000000
     Ti   4       -0.002604        0.000000       -0.041543
 
     Ca   5        0.242078        0.000000        0.150123
     Ca   5        0.000000       -0.483389        0.000000
     Ca   5        0.150123        0.000000        0.241311
 
     Ca   6        0.242076        0.000000       -0.150123
     Ca   6        0.000000       -0.483384        0.000000
     Ca   6       -0.150123        0.000000        0.241308
 
     Ca   7        0.242078        0.000000        0.150123
     Ca   7        0.000000       -0.483389        0.000000
     Ca   7        0.150123        0.000000        0.241311
 
     Ca   8        0.242073        0.000000       -0.150123
     Ca   8        0.000000       -0.483378        0.000000
     Ca   8       -0.150123        0.000000        0.241306
 
     Ca   9        0.242072        0.000000        0.150123
     Ca   9        0.000000       -0.483376        0.000000
     Ca   9        0.150123        0.000000        0.241304
 
     Ca  10        0.242076        0.000000       -0.150123
     Ca  10        0.000000       -0.483384        0.000000
     Ca  10       -0.150123        0.000000        0.241308
 
     Ca  11        0.242073        0.000000       -0.150123
     Ca  11        0.000000       -0.483378        0.000000
     Ca  11       -0.150123        0.000000        0.241306
 
     Ca  12        0.242072        0.000000        0.150123
     Ca  12        0.000000       -0.483376        0.000000
     Ca  12        0.150123        0.000000        0.241304
 
     O   13        0.040507        0.000000        0.007504
     O   13        0.000000       -0.079982        0.000000
     O   13        0.007504        0.000000        0.039475
 
     O   14        0.040508        0.000000       -0.007505
     O   14        0.000000       -0.079981        0.000000
     O   14       -0.007505        0.000000        0.039473
 
     O   15        0.040507        0.000000        0.007504
     O   15        0.000000       -0.079982        0.000000
     O   15        0.007504        0.000000        0.039475
 
     O   16        0.040503        0.000000       -0.007504
     O   16        0.000000       -0.079975        0.000000
     O   16       -0.007504        0.000000        0.039472
 
     O   17        0.040506        0.000000        0.007505
     O   17        0.000000       -0.079976        0.000000
     O   17        0.007505        0.000000        0.039470
 
     O   18        0.040508        0.000000       -0.007505
     O   18        0.000000       -0.079981        0.000000
     O   18       -0.007505        0.000000        0.039473
 
     O   19        0.040503        0.000000       -0.007504
     O   19        0.000000       -0.079975        0.000000
     O   19       -0.007504        0.000000        0.039472
 
     O   20        0.040506        0.000000        0.007505
     O   20        0.000000       -0.079976        0.000000
     O   20        0.007505        0.000000        0.039470
 
     O   21        0.053614        0.000000       -0.127129
     O   21        0.000000       -0.107006        0.000000
     O   21       -0.127129        0.000000        0.053392
 
     O   22        0.053614        0.000000        0.127129
     O   22        0.000000       -0.107005        0.000000
     O   22        0.127129        0.000000        0.053391
 
     O   23        0.053614        0.000000       -0.127129
     O   23        0.000000       -0.107006        0.000000
     O   23       -0.127129        0.000000        0.053392
 
     O   24        0.053613        0.000000        0.127135
     O   24        0.000000       -0.107005        0.000000
     O   24        0.127135        0.000000        0.053391
 
     O   25        0.053613        0.000000       -0.127134
     O   25        0.000000       -0.107003        0.000000
     O   25       -0.127134        0.000000        0.053391
 
     O   26        0.053614        0.000000        0.127129
     O   26        0.000000       -0.107005        0.000000
     O   26        0.127129        0.000000        0.053391
 
     O   27        0.053613        0.000000        0.127135
     O   27        0.000000       -0.107005        0.000000
     O   27        0.127135        0.000000        0.053391
 
     O   28        0.053613        0.000000       -0.127134
     O   28        0.000000       -0.107003        0.000000
     O   28       -0.127134        0.000000        0.053391
 
 
     NQR/NMR SPECTROSCOPIC PARAMETERS:
     Ti   1    Vxx=   -0.0377    axis=( -0.827794  0.000000  0.561032)
     Ti   1    Vyy=   -0.0433    axis=(  0.561032  0.000000  0.827794)
     Ti   1    Vzz=    0.0810    axis=(  0.000000  1.000000  0.000000)
     Ti   1  Q=        30.2000 1e-30 m^2  Cq=         5.7470 MHz  eta= 0.06942
 
     Ti   2    Vxx=   -0.0377    axis=(  0.828223  0.000000  0.560399)
     Ti   2    Vyy=   -0.0433    axis=( -0.560399  0.000000  0.828223)
     Ti   2    Vzz=    0.0810    axis=(  0.000000 -1.000000  0.000000)
     Ti   2  Q=        30.2000 1e-30 m^2  Cq=         5.7467 MHz  eta= 0.06932
 
     Ti   3    Vxx=   -0.0377    axis=(  0.827594  0.000000  0.561327)
     Ti   3    Vyy=   -0.0433    axis=( -0.561327  0.000000  0.827594)
     Ti   3    Vzz=    0.0810    axis=(  0.000000 -1.000000  0.000000)
     Ti   3  Q=        30.2000 1e-30 m^2  Cq=         5.7475 MHz  eta= 0.06944
 
     Ti   4    Vxx=   -0.0377    axis=( -0.828418  0.000000  0.560110)
     Ti   4    Vyy=   -0.0433    axis=(  0.560110  0.000000  0.828418)
     Ti   4    Vzz=    0.0810    axis=(  0.000000  1.000000  0.000000)
     Ti   4  Q=        30.2000 1e-30 m^2  Cq=         5.7473 MHz  eta= 0.06927
 
     Ca   5    Vxx=    0.0916    axis=(  0.706203  0.000000 -0.708010)
     Ca   5    Vyy=    0.3918    axis=(  0.708010  0.000000  0.706203)
     Ca   5    Vzz=   -0.4834    axis=(  0.000000 -1.000000  0.000000)
     Ca   5  Q=        -6.6500 1e-30 m^2  Cq=         7.5529 MHz  eta= 0.62113
 
     Ca   6    Vxx=    0.0916    axis=( -0.706202  0.000000 -0.708010)
     Ca   6    Vyy=    0.3918    axis=( -0.708010  0.000000  0.706202)
     Ca   6    Vzz=   -0.4834    axis=(  0.000000  1.000000  0.000000)
     Ca   6  Q=        -6.6500 1e-30 m^2  Cq=         7.5528 MHz  eta= 0.62114
 
     Ca   7    Vxx=    0.0916    axis=(  0.706203  0.000000 -0.708010)
     Ca   7    Vyy=    0.3918    axis=(  0.708010  0.000000  0.706203)
     Ca   7    Vzz=   -0.4834    axis=(  0.000000 -1.000000  0.000000)
     Ca   7  Q=        -6.6500 1e-30 m^2  Cq=         7.5529 MHz  eta= 0.62113
 
     Ca   8    Vxx=    0.0916    axis=( -0.706203  0.000000 -0.708010)
     Ca   8    Vyy=    0.3918    axis=( -0.708010  0.000000  0.706203)
     Ca   8    Vzz=   -0.4834    axis=(  0.000000  1.000000  0.000000)
     Ca   8  Q=        -6.6500 1e-30 m^2  Cq=         7.5527 MHz  eta= 0.62114
 
     Ca   9    Vxx=    0.0916    axis=(  0.706202  0.000000 -0.708011)
     Ca   9    Vyy=    0.3918    axis=(  0.708011  0.000000  0.706202)
     Ca   9    Vzz=   -0.4834    axis=(  0.000000 -1.000000  0.000000)
     Ca   9  Q=        -6.6500 1e-30 m^2  Cq=         7.5527 MHz  eta= 0.62114
 
     Ca  10    Vxx=    0.0916    axis=( -0.706202  0.000000 -0.708010)
     Ca  10    Vyy=    0.3918    axis=( -0.708010  0.000000  0.706202)
     Ca  10    Vzz=   -0.4834    axis=(  0.000000  1.000000  0.000000)
     Ca  10  Q=        -6.6500 1e-30 m^2  Cq=         7.5528 MHz  eta= 0.62114
 
     Ca  11    Vxx=    0.0916    axis=( -0.706203  0.000000 -0.708010)
     Ca  11    Vyy=    0.3918    axis=( -0.708010  0.000000  0.706203)
     Ca  11    Vzz=   -0.4834    axis=(  0.000000  1.000000  0.000000)
     Ca  11  Q=        -6.6500 1e-30 m^2  Cq=         7.5527 MHz  eta= 0.62114
 
     Ca  12    Vxx=    0.0916    axis=(  0.706202  0.000000 -0.708011)
     Ca  12    Vyy=    0.3918    axis=(  0.708011  0.000000  0.706202)
     Ca  12    Vzz=   -0.4834    axis=(  0.000000 -1.000000  0.000000)
     Ca  12  Q=        -6.6500 1e-30 m^2  Cq=         7.5527 MHz  eta= 0.62114
 
     O   13    Vxx=    0.0325    axis=(  0.682412  0.000000 -0.730968)
     O   13    Vyy=    0.0475    axis=(  0.730968  0.000000  0.682412)
     O   13    Vzz=   -0.0800    axis=(  0.000000 -1.000000  0.000000)
     O   13  Q=        -2.5600 1e-30 m^2  Cq=         0.4811 MHz  eta= 0.18809
 
     O   14    Vxx=    0.0325    axis=( -0.682356  0.000000 -0.731020)
     O   14    Vyy=    0.0475    axis=( -0.731020  0.000000  0.682356)
     O   14    Vzz=   -0.0800    axis=(  0.000000  1.000000  0.000000)
     O   14  Q=        -2.5600 1e-30 m^2  Cq=         0.4811 MHz  eta= 0.18811
 
     O   15    Vxx=    0.0325    axis=(  0.682412  0.000000 -0.730968)
     O   15    Vyy=    0.0475    axis=(  0.730968  0.000000  0.682412)
     O   15    Vzz=   -0.0800    axis=(  0.000000 -1.000000  0.000000)
     O   15  Q=        -2.5600 1e-30 m^2  Cq=         0.4811 MHz  eta= 0.18809
 
     O   16    Vxx=    0.0325    axis=( -0.682432  0.000000 -0.730950)
     O   16    Vyy=    0.0475    axis=( -0.730950  0.000000  0.682432)
     O   16    Vzz=   -0.0800    axis=(  0.000000  1.000000  0.000000)
     O   16  Q=        -2.5600 1e-30 m^2  Cq=         0.4810 MHz  eta= 0.18809
 
     O   17    Vxx=    0.0325    axis=(  0.682335  0.000000 -0.731039)
     O   17    Vyy=    0.0475    axis=(  0.731039  0.000000  0.682335)
     O   17    Vzz=   -0.0800    axis=(  0.000000 -1.000000  0.000000)
     O   17  Q=        -2.5600 1e-30 m^2  Cq=         0.4811 MHz  eta= 0.18814
 
     O   18    Vxx=    0.0325    axis=( -0.682356  0.000000 -0.731020)
     O   18    Vyy=    0.0475    axis=( -0.731020  0.000000  0.682356)
     O   18    Vzz=   -0.0800    axis=(  0.000000  1.000000  0.000000)
     O   18  Q=        -2.5600 1e-30 m^2  Cq=         0.4811 MHz  eta= 0.18811
 
     O   19    Vxx=    0.0325    axis=( -0.682432  0.000000 -0.730950)
     O   19    Vyy=    0.0475    axis=( -0.730950  0.000000  0.682432)
     O   19    Vzz=   -0.0800    axis=(  0.000000  1.000000  0.000000)
     O   19  Q=        -2.5600 1e-30 m^2  Cq=         0.4810 MHz  eta= 0.18809
 
     O   20    Vxx=    0.0325    axis=(  0.682335  0.000000 -0.731039)
     O   20    Vyy=    0.0475    axis=(  0.731039  0.000000  0.682335)
     O   20    Vzz=   -0.0800    axis=(  0.000000 -1.000000  0.000000)
     O   20  Q=        -2.5600 1e-30 m^2  Cq=         0.4811 MHz  eta= 0.18814
 
     O   21    Vxx=   -0.0736    axis=( -0.706798  0.000000 -0.707416)
     O   21    Vyy=   -0.1070    axis=(  0.000000  1.000000  0.000000)
     O   21    Vzz=    0.1806    axis=( -0.707416  0.000000  0.706798)
     O   21  Q=        -2.5600 1e-30 m^2  Cq=        -1.0865 MHz  eta= 0.18479
 
     O   22    Vxx=   -0.0736    axis=(  0.706798  0.000000 -0.707416)
     O   22    Vyy=   -0.1070    axis=(  0.000000 -1.000000  0.000000)
     O   22    Vzz=    0.1806    axis=(  0.707416  0.000000  0.706798)
     O   22  Q=        -2.5600 1e-30 m^2  Cq=        -1.0865 MHz  eta= 0.18479
 
     O   23    Vxx=   -0.0736    axis=( -0.706798  0.000000 -0.707416)
     O   23    Vyy=   -0.1070    axis=(  0.000000  1.000000  0.000000)
     O   23    Vzz=    0.1806    axis=( -0.707416  0.000000  0.706798)
     O   23  Q=        -2.5600 1e-30 m^2  Cq=        -1.0865 MHz  eta= 0.18479
 
     O   24    Vxx=   -0.0736    axis=(  0.706798  0.000000 -0.707416)
     O   24    Vyy=   -0.1070    axis=(  0.000000 -1.000000  0.000000)
     O   24    Vzz=    0.1806    axis=(  0.707416  0.000000  0.706798)
     O   24  Q=        -2.5600 1e-30 m^2  Cq=        -1.0865 MHz  eta= 0.18474
 
     O   25    Vxx=   -0.0736    axis=( -0.706798  0.000000 -0.707416)
     O   25    Vyy=   -0.1070    axis=(  0.000000  1.000000  0.000000)
     O   25    Vzz=    0.1806    axis=( -0.707416  0.000000  0.706798)
     O   25  Q=        -2.5600 1e-30 m^2  Cq=        -1.0865 MHz  eta= 0.18474
 
     O   26    Vxx=   -0.0736    axis=(  0.706798  0.000000 -0.707416)
     O   26    Vyy=   -0.1070    axis=(  0.000000 -1.000000  0.000000)
     O   26    Vzz=    0.1806    axis=(  0.707416  0.000000  0.706798)
     O   26  Q=        -2.5600 1e-30 m^2  Cq=        -1.0865 MHz  eta= 0.18479
 
     O   27    Vxx=   -0.0736    axis=(  0.706798  0.000000 -0.707416)
     O   27    Vyy=   -0.1070    axis=(  0.000000 -1.000000  0.000000)
     O   27    Vzz=    0.1806    axis=(  0.707416  0.000000  0.706798)
     O   27  Q=        -2.5600 1e-30 m^2  Cq=        -1.0865 MHz  eta= 0.18474
 
     O   28    Vxx=   -0.0736    axis=( -0.706798  0.000000 -0.707416)
     O   28    Vyy=   -0.1070    axis=(  0.000000  1.000000  0.000000)
     O   28    Vzz=    0.1806    axis=( -0.707416  0.000000  0.706798)
     O   28  Q=        -2.5600 1e-30 m^2  Cq=        -1.0865 MHz  eta= 0.18474
 
     Initialization:
     gipaw_setup  :      0.21s CPU      0.35s WALL (       1 calls)
 
     Linear response
 
     Apply operators
 
     Induced current
 
     Other routines
     efg          :      8.49s CPU     18.57s WALL (       1 calls)
 
     General routines
     calbec       :      0.33s CPU      0.62s WALL (      28 calls)
     fft          :      0.14s CPU      0.30s WALL (      16 calls)
     ffts         :      0.02s CPU      0.03s WALL (       2 calls)
     fftw         :      7.82s CPU     17.41s WALL (    3136 calls)
     davcio       :      0.01s CPU      0.06s WALL (      84 calls)
 
     Parallel routines
 
     Plugins
 
 
     GIPAW        :     30.46s CPU   1m 8.40s WALL

 
   This run was terminated on:  19:46: 6   2May2021            

=------------------------------------------------------------------------------=
   JOB DONE.
=------------------------------------------------------------------------------=
