
     Program GIPAW v.6.4.1 starts on  2May2021 at 21: 5: 4 

     This program is part of the open-source Quantum ESPRESSO suite
     for quantum simulation of materials; please cite
         "P. Giannozzi et al., J. Phys.:Condens. Matter 21 395502 (2009);
         "P. Giannozzi et al., J. Phys.:Condens. Matter 29 465901 (2017);
          URL http://www.quantum-espresso.org", 
     in publications or presentations arising from this work. More details at
     http://www.quantum-espresso.org/quote

     Parallel version (MPI), running on    96 processors

     MPI processes distributed on     4 nodes
     R & G space division:  proc/nbgrp/npool/nimage =      96
 
     ***** This is GIPAW git revision 4132a64778b91c4b090d0213938e00d7b2b64b10 *****
     ***** you can cite: N. Varini et al., Comp. Phys. Comm. 184, 1827 (2013)  *****
     ***** in publications or presentations arising from this work.            *****
 
     Parallelizing q-star over 1 images

     Reading data from directory:
     ./tmp/pnma-ca.save/

     IMPORTANT: XC functional enforced from input :
     Exchange-correlation      = PBE ( 1  4  3  4 0 0)
     Any further DFT definition will be discarded
     Please, verify this is what you really want

               file Ti.pbe-spn-kjpaw_psl.0.3.1.UPF: wavefunction(s)  3D renormalized
               file Ca.pbe-spn-kjpaw_psl.1.0.0.UPF: wavefunction(s)  3S renormalized
               file O.pbe-nl-kjpaw_psl.1.0.0.UPF: wavefunction(s)  2S 2P renormalized
 
     Parallelization info
     --------------------
     sticks:   dense  smooth     PW     G-vecs:    dense   smooth      PW
     Min          87      35      9                 5023     1271     179
     Max          88      36     10                 5028     1274     184
     Sum        8413    3371    921               482449   122125   17481
 

     Check: negative core charge=   -0.000003

     Subspace diagonalization in iterative solution of the eigenvalue problem:
     one sub-group per k-point group (pool) will be used
     scalapack distributed-memory algorithm (size of sub-group:  6*  6 procs)

     GIPAW projectors -----------------------------------------------
     atom=  Ti   l=0  rc=    1.7000  rs=    1.1333
     atom=  Ti   l=0  rc=    1.7000  rs=    1.1333
     atom=  Ti   l=1  rc=    1.8000  rs=    1.2000
     atom=  Ti   l=1  rc=    1.8000  rs=    1.2000
     atom=  Ti   l=2  rc=    1.7000  rs=    1.1333
     atom=  Ti   l=2  rc=    1.7000  rs=    1.1333
 
     atom=  Ca   l=0  rc=    1.3000  rs=    0.8667
     atom=  Ca   l=0  rc=    1.3000  rs=    0.8667
     atom=  Ca   l=1  rc=    1.6000  rs=    1.0667
     atom=  Ca   l=1  rc=    1.6000  rs=    1.0667
     atom=  Ca   l=2  rc=    1.7000  rs=    1.1333
     atom=  Ca   l=2  rc=    1.7000  rs=    1.1333
     projs nearly linearly dependent: l=0  n1,n2= 1, 2  s=  0.99170013
     projs nearly linearly dependent: l=2  n1,n2= 1, 2  s=  0.99334936
 
     atom=  O    l=0  rc=    1.3000  rs=    0.8667
     atom=  O    l=0  rc=    1.3000  rs=    0.8667
     atom=  O    l=1  rc=    1.4500  rs=    0.9667
     atom=  O    l=1  rc=    1.4500  rs=    0.9667
     projs nearly linearly dependent: l=1  n1,n2= 1, 2  s=  0.99651136
     -----------------------------------------------------------------
 
     GIPAW integrals: -------------------------------------------
     Atom  i/j   nmr_para   nmr_dia   epr_rmc  epr_para   epr_dia
       Ti  1 1   0.28E+04 -0.33E+00  0.13E+02  0.11E+10  0.85E+03
       Ti  2 1   0.18E+04 -0.10E+01  0.71E+01  0.75E+09  0.55E+03
       Ti  2 2   0.12E+04 -0.17E+01  0.11E+01  0.51E+09  0.35E+03
       Ti  3 3   0.51E+02  0.97E+00  0.20E+02  0.98E+05  0.37E+03
       Ti  4 3   0.27E+02 -0.16E+00  0.82E+01  0.56E+05  0.18E+03
       Ti  4 4   0.12E+02 -0.98E+00 -0.26E+01  0.32E+05  0.77E+02
       Ti  5 5   0.53E+01  0.12E+01  0.15E+02  0.11E+04  0.14E+03
       Ti  6 5   0.69E+01  0.16E+01  0.20E+02  0.14E+04  0.17E+03
       Ti  6 6   0.91E+01  0.20E+01  0.26E+02  0.19E+04  0.22E+03
       Ca  1 1   0.25E+04 -0.66E+00  0.13E+02  0.81E+09  0.75E+03
       Ca  2 1   0.26E+04 -0.73E+00  0.13E+02  0.86E+09  0.79E+03
       Ca  2 2   0.28E+04 -0.80E+00  0.13E+02  0.92E+09  0.84E+03
       Ca  3 3   0.30E+02  0.22E+00  0.11E+02  0.47E+05  0.19E+03
       Ca  4 3   0.33E+02  0.20E+00  0.12E+02  0.54E+05  0.22E+03
       Ca  4 4   0.37E+02  0.17E+00  0.13E+02  0.60E+05  0.24E+03
       Ca  5 5   0.29E+01  0.74E+00  0.81E+01  0.47E+03  0.66E+02
       Ca  6 5   0.36E+01  0.91E+00  0.10E+02  0.59E+03  0.81E+02
       Ca  6 6   0.45E+01  0.11E+01  0.13E+02  0.74E+03  0.10E+03
       O   1 1   0.81E+03 -0.32E+00  0.65E+01  0.43E+08  0.24E+03
       O   2 1   0.91E+03 -0.39E+00  0.71E+01  0.48E+08  0.27E+03
       O   2 2   0.10E+04 -0.48E+00  0.78E+01  0.55E+08  0.31E+03
       O   3 3   0.10E+02  0.99E+00  0.64E+01  0.23E+04  0.76E+02
       O   4 3   0.12E+02  0.11E+01  0.75E+01  0.27E+04  0.87E+02
       O   4 4   0.13E+02  0.13E+01  0.88E+01  0.31E+04  0.99E+02
     ------------------------------------------------------------
 
     alpha_pv=    112.3047 eV
 
     Number of occupied bands for each k-point:
     k-point:     1    nbnd_occ=  80
     k-point:     2    nbnd_occ=  80
     k-point:     3    nbnd_occ=  80
     k-point:     4    nbnd_occ=  80
     k-point:     5    nbnd_occ=  80
     k-point:     6    nbnd_occ=  80
     k-point:     7    nbnd_occ=  80
     k-point:     8    nbnd_occ=  80
     k-point:     9    nbnd_occ=  80
     k-point:    10    nbnd_occ=  80
     k-point:    11    nbnd_occ=  80
     k-point:    12    nbnd_occ=  80
     k-point:    13    nbnd_occ=  80
     k-point:    14    nbnd_occ=  80
     k-point:    15    nbnd_occ=  80
     k-point:    16    nbnd_occ=  80
 
 
     q-space interpolation up to    77.00 Rydberg
 
     GIPAW job: efg                                                                             
 
 
     ELECTRIC FIELD GRADIENTS TENSORS IN Hartree/bohrradius^2:
 
     ----- bare term -----
     Ca   1        0.002306        0.000038        0.035536
     Ca   1        0.000038        0.009255       -0.000146
     Ca   1        0.035536       -0.000146       -0.011560
 
     Ca   2        0.002536        0.000393       -0.036900
     Ca   2        0.000393        0.007830        0.000546
     Ca   2       -0.036900        0.000546       -0.010366
 
     Ca   3        0.002306        0.000038        0.035536
     Ca   3        0.000038        0.009255       -0.000146
     Ca   3        0.035536       -0.000146       -0.011560
 
     Ca   4        0.002536        0.000393       -0.036900
     Ca   4        0.000393        0.007830        0.000546
     Ca   4       -0.036900        0.000546       -0.010366
 
     Ti   5        0.034843        0.065943        0.036796
     Ti   5        0.065943       -0.017464       -0.020981
     Ti   5        0.036796       -0.020981       -0.017380
 
     Ti   6       -0.004385       -0.035231        0.030172
     Ti   6       -0.035231       -0.017680       -0.016116
     Ti   6        0.030172       -0.016116        0.022065
 
     Ti   7       -0.003072        0.037303        0.031556
     Ti   7        0.037303       -0.018498        0.018582
     Ti   7        0.031556        0.018582        0.021570
 
     Ti   8        0.035850       -0.064434        0.037733
     Ti   8       -0.064434       -0.018634        0.022574
     Ti   8        0.037733        0.022574       -0.017216
 
     O    9        0.315823       -0.000052        0.037375
     O    9       -0.000052       -0.518665        0.001065
     O    9        0.037375        0.001065        0.202841
 
     O   10        0.317668        0.000952       -0.054727
     O   10        0.000952       -0.518491        0.000417
     O   10       -0.054727        0.000417        0.200823
 
     O   11        0.315823       -0.000052        0.037375
     O   11       -0.000052       -0.518665        0.001065
     O   11        0.037375        0.001065        0.202841
 
     O   12        0.317668        0.000952       -0.054727
     O   12        0.000952       -0.518491        0.000417
     O   12       -0.054727        0.000417        0.200823
 
     O   13       -0.152618       -0.047466        0.394591
     O   13       -0.047466        0.268055       -0.002422
     O   13        0.394591       -0.002422       -0.115436
 
     O   14       -0.141455        0.046058       -0.378464
     O   14        0.046058        0.246741       -0.000938
     O   14       -0.378464       -0.000938       -0.105286
 
     O   15       -0.141077       -0.045564       -0.378908
     O   15       -0.045564        0.246249        0.001528
     O   15       -0.378908        0.001528       -0.105172
 
     O   16       -0.152113        0.049160        0.394645
     O   16        0.049160        0.267256        0.003857
     O   16        0.394645        0.003857       -0.115142
 
     O   17       -0.152618       -0.047466        0.394591
     O   17       -0.047466        0.268055       -0.002422
     O   17        0.394591       -0.002422       -0.115436
 
     O   18       -0.141455        0.046058       -0.378464
     O   18        0.046058        0.246741       -0.000938
     O   18       -0.378464       -0.000938       -0.105286
 
     O   19       -0.141077       -0.045564       -0.378908
     O   19       -0.045564        0.246249        0.001528
     O   19       -0.378908        0.001528       -0.105172
 
     O   20       -0.152113        0.049160        0.394645
     O   20        0.049160        0.267256        0.003857
     O   20        0.394645        0.003857       -0.115142
 
     ----- ionic term -----
     Ca   1       -0.004249       -0.000000       -0.032326
     Ca   1       -0.000000       -0.007031       -0.000000
     Ca   1       -0.032326       -0.000000        0.011279
 
     Ca   2       -0.004249       -0.000000        0.032326
     Ca   2       -0.000000       -0.007031       -0.000000
     Ca   2        0.032326       -0.000000        0.011279
 
     Ca   3       -0.004249       -0.000000       -0.032326
     Ca   3       -0.000000       -0.007031        0.000000
     Ca   3       -0.032326        0.000000        0.011279
 
     Ca   4       -0.004249        0.000000        0.032326
     Ca   4        0.000000       -0.007031       -0.000000
     Ca   4        0.032326        0.000000        0.011279
 
     Ti   5       -0.009011       -0.042119       -0.000036
     Ti   5       -0.042119        0.010731        0.017852
     Ti   5       -0.000036        0.017852       -0.001720
 
     Ti   6       -0.009011        0.042119        0.000036
     Ti   6        0.042119        0.010731        0.017852
     Ti   6        0.000036        0.017852       -0.001720
 
     Ti   7       -0.009011       -0.042119        0.000036
     Ti   7       -0.042119        0.010731       -0.017852
     Ti   7        0.000036       -0.017852       -0.001720
 
     Ti   8       -0.009011        0.042119       -0.000036
     Ti   8        0.042119        0.010731       -0.017852
     Ti   8       -0.000036       -0.017852       -0.001720
 
     O    9       -0.376941       -0.000000       -0.045443
     O    9       -0.000000        0.650128        0.000000
     O    9       -0.045443        0.000000       -0.273186
 
     O   10       -0.376941        0.000000        0.045443
     O   10        0.000000        0.650128       -0.000000
     O   10        0.045443       -0.000000       -0.273186
 
     O   11       -0.376941        0.000000       -0.045443
     O   11        0.000000        0.650128        0.000000
     O   11       -0.045443        0.000000       -0.273186
 
     O   12       -0.376941       -0.000000        0.045443
     O   12       -0.000000        0.650128        0.000000
     O   12        0.045443        0.000000       -0.273186
 
     O   13        0.179933        0.038180       -0.482257
     O   13        0.038180       -0.322232       -0.010976
     O   13       -0.482257       -0.010976        0.142300
 
     O   14        0.179933       -0.038180        0.482257
     O   14       -0.038180       -0.322232       -0.010976
     O   14        0.482257       -0.010976        0.142300
 
     O   15        0.179933        0.038180        0.482257
     O   15        0.038180       -0.322232        0.010976
     O   15        0.482257        0.010976        0.142300
 
     O   16        0.179933       -0.038180       -0.482257
     O   16       -0.038180       -0.322232        0.010976
     O   16       -0.482257        0.010976        0.142300
 
     O   17        0.179933        0.038180       -0.482257
     O   17        0.038180       -0.322232       -0.010976
     O   17       -0.482257       -0.010976        0.142300
 
     O   18        0.179933       -0.038180        0.482257
     O   18       -0.038180       -0.322232       -0.010976
     O   18        0.482257       -0.010976        0.142300
 
     O   19        0.179933        0.038180        0.482257
     O   19        0.038180       -0.322232        0.010976
     O   19        0.482257        0.010976        0.142300
 
     O   20        0.179933       -0.038180       -0.482257
     O   20       -0.038180       -0.322232        0.010976
     O   20       -0.482257        0.010976        0.142300
 
     ----- GIPAW term -----
     Ca   1       -0.004747        0.001251        0.154495
     Ca   1        0.001251        0.060894       -0.000203
     Ca   1        0.154495       -0.000203       -0.056147
 
     Ca   2       -0.005720        0.003652       -0.157702
     Ca   2        0.003652        0.064935        0.002750
     Ca   2       -0.157702        0.002750       -0.059214
 
     Ca   3       -0.004747        0.001251        0.154495
     Ca   3        0.001251        0.060894       -0.000203
     Ca   3        0.154495       -0.000203       -0.056147
 
     Ca   4       -0.005720        0.003652       -0.157702
     Ca   4        0.003652        0.064935        0.002750
     Ca   4       -0.157702        0.002750       -0.059214
 
     Ti   5        0.024515        0.042851        0.042373
     Ti   5        0.042851       -0.025963        0.000050
     Ti   5        0.042373        0.000050        0.001448
 
     Ti   6        0.011740       -0.030623        0.009117
     Ti   6       -0.030623       -0.027060       -0.006163
     Ti   6        0.009117       -0.006163        0.015319
 
     Ti   7        0.012707        0.033803        0.010896
     Ti   7        0.033803       -0.027560        0.009393
     Ti   7        0.010896        0.009393        0.014853
 
     Ti   8        0.022973       -0.044134        0.042304
     Ti   8       -0.044134       -0.028264        0.006516
     Ti   8        0.042304        0.006516        0.005291
 
     O    9       -0.032215       -0.000304       -0.045769
     O    9       -0.000304        0.104723        0.003493
     O    9       -0.045769        0.003493       -0.072507
 
     O   10       -0.025321        0.003050       -0.010060
     O   10        0.003050        0.104588        0.001259
     O   10       -0.010060        0.001259       -0.079267
 
     O   11       -0.032215       -0.000304       -0.045769
     O   11       -0.000304        0.104723        0.003493
     O   11       -0.045769        0.003493       -0.072507
 
     O   12       -0.025321        0.003050       -0.010060
     O   12        0.003050        0.104588        0.001259
     O   12       -0.010060        0.001259       -0.079267
 
     O   13        0.007354       -0.038531       -0.044470
     O   13       -0.038531       -0.018150       -0.060057
     O   13       -0.044470       -0.060057        0.010796
 
     O   14        0.044492        0.034335        0.099326
     O   14        0.034335       -0.088790       -0.055991
     O   14        0.099326       -0.055991        0.044298
 
     O   15        0.045695       -0.032780        0.097938
     O   15       -0.032780       -0.090263        0.057602
     O   15        0.097938        0.057602        0.044568
 
     O   16        0.008878        0.043756       -0.044267
     O   16        0.043756       -0.020553        0.064649
     O   16       -0.044267        0.064649        0.011675
 
     O   17        0.007354       -0.038531       -0.044470
     O   17       -0.038531       -0.018150       -0.060057
     O   17       -0.044470       -0.060057        0.010796
 
     O   18        0.044492        0.034335        0.099325
     O   18        0.034335       -0.088790       -0.055991
     O   18        0.099325       -0.055991        0.044298
 
     O   19        0.045695       -0.032780        0.097938
     O   19       -0.032780       -0.090263        0.057602
     O   19        0.097938        0.057602        0.044568
 
     O   20        0.008878        0.043756       -0.044267
     O   20        0.043756       -0.020553        0.064649
     O   20       -0.044267        0.064649        0.011675
 
     ----- total EFG -----
     Ca   1       -0.006690        0.001290        0.157705
     Ca   1        0.001290        0.063118       -0.000350
     Ca   1        0.157705       -0.000350       -0.056428
 
     Ca   2       -0.007433        0.004045       -0.162276
     Ca   2        0.004045        0.065734        0.003296
     Ca   2       -0.162276        0.003296       -0.058301
 
     Ca   3       -0.006690        0.001290        0.157705
     Ca   3        0.001290        0.063118       -0.000350
     Ca   3        0.157705       -0.000350       -0.056428
 
     Ca   4       -0.007433        0.004045       -0.162276
     Ca   4        0.004045        0.065734        0.003296
     Ca   4       -0.162276        0.003296       -0.058301
 
     Ti   5        0.050347        0.066675        0.079133
     Ti   5        0.066675       -0.032695       -0.003078
     Ti   5        0.079133       -0.003078       -0.017652
 
     Ti   6       -0.001656       -0.023735        0.039325
     Ti   6       -0.023735       -0.034008       -0.004427
     Ti   6        0.039325       -0.004427        0.035664
 
     Ti   7        0.000624        0.028987        0.042487
     Ti   7        0.028987       -0.035327        0.010122
     Ti   7        0.042487        0.010122        0.034704
 
     Ti   8        0.049813       -0.066450        0.080001
     Ti   8       -0.066450       -0.036167        0.011238
     Ti   8        0.080001        0.011238       -0.013645
 
     O    9       -0.093333       -0.000356       -0.053837
     O    9       -0.000356        0.236186        0.004558
     O    9       -0.053837        0.004558       -0.142853
 
     O   10       -0.084594        0.004002       -0.019344
     O   10        0.004002        0.236225        0.001677
     O   10       -0.019344        0.001677       -0.151631
 
     O   11       -0.093333       -0.000356       -0.053837
     O   11       -0.000356        0.236186        0.004558
     O   11       -0.053837        0.004558       -0.142853
 
     O   12       -0.084594        0.004002       -0.019344
     O   12        0.004002        0.236225        0.001677
     O   12       -0.019344        0.001677       -0.151631
 
     O   13        0.034668       -0.047817       -0.132137
     O   13       -0.047817       -0.072328       -0.073455
     O   13       -0.132137       -0.073455        0.037660
 
     O   14        0.082970        0.042212        0.203119
     O   14        0.042212       -0.164281       -0.067905
     O   14        0.203119       -0.067905        0.081312
 
     O   15        0.084550       -0.040165        0.201287
     O   15       -0.040165       -0.166246        0.070106
     O   15        0.201287        0.070106        0.081696
 
     O   16        0.036697        0.054735       -0.131879
     O   16        0.054735       -0.075529        0.079482
     O   16       -0.131879        0.079482        0.038832
 
     O   17        0.034668       -0.047817       -0.132137
     O   17       -0.047817       -0.072328       -0.073455
     O   17       -0.132137       -0.073455        0.037660
 
     O   18        0.082970        0.042212        0.203119
     O   18        0.042212       -0.164281       -0.067905
     O   18        0.203119       -0.067905        0.081312
 
     O   19        0.084550       -0.040165        0.201287
     O   19       -0.040165       -0.166246        0.070106
     O   19        0.201287        0.070106        0.081696
 
     O   20        0.036697        0.054735       -0.131879
     O   20        0.054735       -0.075529        0.079482
     O   20       -0.131879        0.079482        0.038832
 
     ----- total EFG (symmetrized) -----
     Ca   1       -0.007061        0.000000        0.159991
     Ca   1        0.000000        0.064426       -0.000000
     Ca   1        0.159991        0.000000       -0.057365
 
     Ca   2       -0.007061        0.000000       -0.159991
     Ca   2       -0.000000        0.064426        0.000000
     Ca   2       -0.159991        0.000000       -0.057365
 
     Ca   3       -0.007061        0.000000        0.159991
     Ca   3        0.000000        0.064426        0.000000
     Ca   3        0.159991        0.000000       -0.057365
 
     Ca   4       -0.007061        0.000000       -0.159991
     Ca   4        0.000000        0.064426        0.000000
     Ca   4       -0.159991        0.000000       -0.057365
 
     Ti   5        0.024782        0.046462        0.019330
     Ti   5        0.046462       -0.034550       -0.007216
     Ti   5        0.019330       -0.007216        0.009768
 
     Ti   6        0.024782       -0.046462       -0.019330
     Ti   6       -0.046462       -0.034550       -0.007216
     Ti   6       -0.019330       -0.007216        0.009768
 
     Ti   7        0.024782        0.046462       -0.019330
     Ti   7        0.046462       -0.034550        0.007216
     Ti   7       -0.019330        0.007216        0.009768
 
     Ti   8        0.024782       -0.046462        0.019330
     Ti   8       -0.046462       -0.034550        0.007216
     Ti   8        0.019330        0.007216        0.009768
 
     O    9       -0.088964        0.000000       -0.017246
     O    9       -0.000000        0.236205        0.000000
     O    9       -0.017246        0.000000       -0.147242
 
     O   10       -0.088964        0.000000        0.017246
     O   10       -0.000000        0.236205        0.000000
     O   10        0.017246        0.000000       -0.147242
 
     O   11       -0.088964       -0.000000       -0.017246
     O   11        0.000000        0.236205        0.000000
     O   11       -0.017246        0.000000       -0.147242
 
     O   12       -0.088964       -0.000000        0.017246
     O   12       -0.000000        0.236205        0.000000
     O   12        0.017246        0.000000       -0.147242
 
     O   13        0.059721       -0.046232       -0.167105
     O   13       -0.046232       -0.119596       -0.072737
     O   13       -0.167105       -0.072737        0.059875
 
     O   14        0.059721        0.046232        0.167105
     O   14        0.046232       -0.119596       -0.072737
     O   14        0.167105       -0.072737        0.059875
 
     O   15        0.059721       -0.046232        0.167105
     O   15       -0.046232       -0.119596        0.072737
     O   15        0.167105        0.072737        0.059875
 
     O   16        0.059721        0.046232       -0.167105
     O   16        0.046232       -0.119596        0.072737
     O   16       -0.167105        0.072737        0.059875
 
     O   17        0.059721       -0.046232       -0.167105
     O   17       -0.046232       -0.119596       -0.072737
     O   17       -0.167105       -0.072737        0.059875
 
     O   18        0.059721        0.046232        0.167105
     O   18        0.046232       -0.119596       -0.072737
     O   18        0.167105       -0.072737        0.059875
 
     O   19        0.059721       -0.046232        0.167105
     O   19       -0.046232       -0.119596        0.072737
     O   19        0.167105        0.072737        0.059875
 
     O   20        0.059721        0.046232       -0.167105
     O   20        0.046232       -0.119596        0.072737
     O   20       -0.167105        0.072737        0.059875
 
 
     NQR/NMR SPECTROSCOPIC PARAMETERS:
     Ca   1    Vxx=    0.0644    axis=(  0.000000  1.000000  0.000000)
     Ca   1    Vyy=    0.1297    axis=( -0.760033  0.000000 -0.649885)
     Ca   1    Vzz=   -0.1942    axis=( -0.649885  0.000000  0.760033)
     Ca   1  Q=        -6.6500 1e-30 m^2  Cq=         3.0339 MHz  eta= 0.33639
 
     Ca   2    Vxx=    0.0644    axis=(  0.000000  1.000000  0.000000)
     Ca   2    Vyy=    0.1297    axis=( -0.760033 -0.000000  0.649885)
     Ca   2    Vzz=   -0.1942    axis=(  0.649885  0.000000  0.760033)
     Ca   2  Q=        -6.6500 1e-30 m^2  Cq=         3.0339 MHz  eta= 0.33639
 
     Ca   3    Vxx=    0.0644    axis=(  0.000000 -1.000000  0.000000)
     Ca   3    Vyy=    0.1297    axis=(  0.760033 -0.000000  0.649885)
     Ca   3    Vzz=   -0.1942    axis=( -0.649885  0.000000  0.760033)
     Ca   3  Q=        -6.6500 1e-30 m^2  Cq=         3.0339 MHz  eta= 0.33639
 
     Ca   4    Vxx=    0.0644    axis=(  0.000000  1.000000  0.000000)
     Ca   4    Vyy=    0.1297    axis=( -0.760033  0.000000  0.649885)
     Ca   4    Vzz=   -0.1942    axis=(  0.649885  0.000000  0.760033)
     Ca   4  Q=        -6.6500 1e-30 m^2  Cq=         3.0339 MHz  eta= 0.33639
 
     Ti   5    Vxx=    0.0089    axis=(  0.164686  0.330396 -0.929364)
     Ti   5    Vyy=    0.0545    axis=(  0.855152  0.421709  0.301457)
     Ti   5    Vzz=   -0.0634    axis=( -0.491521  0.844393  0.213089)
     Ti   5  Q=        30.2000 1e-30 m^2  Cq=        -4.4999 MHz  eta= 0.71907
 
     Ti   6    Vxx=    0.0089    axis=( -0.164686  0.330396 -0.929364)
     Ti   6    Vyy=    0.0545    axis=(  0.855152 -0.421709 -0.301457)
     Ti   6    Vzz=   -0.0634    axis=(  0.491521  0.844393  0.213089)
     Ti   6  Q=        30.2000 1e-30 m^2  Cq=        -4.4999 MHz  eta= 0.71907
 
     Ti   7    Vxx=    0.0089    axis=( -0.164686 -0.330396 -0.929364)
     Ti   7    Vyy=    0.0545    axis=( -0.855152 -0.421709  0.301457)
     Ti   7    Vzz=   -0.0634    axis=(  0.491521 -0.844393  0.213089)
     Ti   7  Q=        30.2000 1e-30 m^2  Cq=        -4.4999 MHz  eta= 0.71907
 
     Ti   8    Vxx=    0.0089    axis=(  0.164686 -0.330396 -0.929364)
     Ti   8    Vyy=    0.0545    axis=( -0.855152  0.421709 -0.301457)
     Ti   8    Vzz=   -0.0634    axis=( -0.491521 -0.844393  0.213089)
     Ti   8  Q=        30.2000 1e-30 m^2  Cq=        -4.4999 MHz  eta= 0.71907
 
     O    9    Vxx=   -0.0842    axis=( -0.964511  0.000000  0.264042)
     O    9    Vyy=   -0.1520    axis=(  0.264042  0.000000  0.964511)
     O    9    Vzz=    0.2362    axis=(  0.000000  1.000000  0.000000)
     O    9  Q=        -2.5600 1e-30 m^2  Cq=        -1.4208 MHz  eta= 0.28670
 
     O   10    Vxx=   -0.0842    axis=(  0.964511  0.000000  0.264042)
     O   10    Vyy=   -0.1520    axis=( -0.264042  0.000000  0.964511)
     O   10    Vzz=    0.2362    axis=(  0.000000 -1.000000  0.000000)
     O   10  Q=        -2.5600 1e-30 m^2  Cq=        -1.4208 MHz  eta= 0.28670
 
     O   11    Vxx=   -0.0842    axis=( -0.964511  0.000000  0.264042)
     O   11    Vyy=   -0.1520    axis=(  0.264042  0.000000  0.964511)
     O   11    Vzz=    0.2362    axis=(  0.000000  1.000000  0.000000)
     O   11  Q=        -2.5600 1e-30 m^2  Cq=        -1.4208 MHz  eta= 0.28670
 
     O   12    Vxx=   -0.0842    axis=(  0.964511  0.000000  0.264042)
     O   12    Vyy=   -0.1520    axis=( -0.264042  0.000000  0.964511)
     O   12    Vzz=    0.2362    axis=(  0.000000 -1.000000  0.000000)
     O   12  Q=        -2.5600 1e-30 m^2  Cq=        -1.4208 MHz  eta= 0.28670
 
     O   13    Vxx=   -0.0297    axis=( -0.554310  0.677060 -0.484077)
     O   13    Vyy=   -0.1982    axis=( -0.457145 -0.733689 -0.502712)
     O   13    Vzz=    0.2280    axis=( -0.695527 -0.057365  0.716206)
     O   13  Q=        -2.5600 1e-30 m^2  Cq=        -1.3713 MHz  eta= 0.73909
 
     O   14    Vxx=   -0.0297    axis=( -0.554310 -0.677060  0.484077)
     O   14    Vyy=   -0.1982    axis=(  0.457145 -0.733689 -0.502712)
     O   14    Vzz=    0.2280    axis=(  0.695527 -0.057365  0.716206)
     O   14  Q=        -2.5600 1e-30 m^2  Cq=        -1.3713 MHz  eta= 0.73909
 
     O   15    Vxx=   -0.0297    axis=(  0.554310 -0.677060 -0.484077)
     O   15    Vyy=   -0.1982    axis=(  0.457145  0.733689 -0.502712)
     O   15    Vzz=    0.2280    axis=(  0.695527  0.057365  0.716206)
     O   15  Q=        -2.5600 1e-30 m^2  Cq=        -1.3713 MHz  eta= 0.73909
 
     O   16    Vxx=   -0.0297    axis=(  0.554310  0.677060  0.484077)
     O   16    Vyy=   -0.1982    axis=( -0.457145  0.733689 -0.502712)
     O   16    Vzz=    0.2280    axis=( -0.695527  0.057365  0.716206)
     O   16  Q=        -2.5600 1e-30 m^2  Cq=        -1.3713 MHz  eta= 0.73909
 
     O   17    Vxx=   -0.0297    axis=( -0.554310  0.677060 -0.484077)
     O   17    Vyy=   -0.1982    axis=( -0.457145 -0.733689 -0.502712)
     O   17    Vzz=    0.2280    axis=( -0.695527 -0.057365  0.716206)
     O   17  Q=        -2.5600 1e-30 m^2  Cq=        -1.3713 MHz  eta= 0.73909
 
     O   18    Vxx=   -0.0297    axis=( -0.554310 -0.677060  0.484077)
     O   18    Vyy=   -0.1982    axis=(  0.457145 -0.733689 -0.502712)
     O   18    Vzz=    0.2280    axis=(  0.695527 -0.057365  0.716206)
     O   18  Q=        -2.5600 1e-30 m^2  Cq=        -1.3713 MHz  eta= 0.73909
 
     O   19    Vxx=   -0.0297    axis=(  0.554310 -0.677060 -0.484077)
     O   19    Vyy=   -0.1982    axis=(  0.457145  0.733689 -0.502712)
     O   19    Vzz=    0.2280    axis=(  0.695527  0.057365  0.716206)
     O   19  Q=        -2.5600 1e-30 m^2  Cq=        -1.3713 MHz  eta= 0.73909
 
     O   20    Vxx=   -0.0297    axis=(  0.554310  0.677060  0.484077)
     O   20    Vyy=   -0.1982    axis=( -0.457145  0.733689 -0.502712)
     O   20    Vzz=    0.2280    axis=( -0.695527  0.057365  0.716206)
     O   20  Q=        -2.5600 1e-30 m^2  Cq=        -1.3713 MHz  eta= 0.73909
 
     Initialization:
     gipaw_setup  :      0.22s CPU      0.44s WALL (       1 calls)
 
     Linear response
 
     Apply operators
 
     Induced current
 
     Other routines
     efg          :      1.17s CPU      2.59s WALL (       1 calls)
 
     General routines
     calbec       :      0.17s CPU      0.34s WALL (      16 calls)
     fft          :      0.25s CPU      0.53s WALL (      16 calls)
     ffts         :      0.00s CPU      0.01s WALL (       2 calls)
     fftw         :      0.84s CPU      1.77s WALL (    1280 calls)
     davcio       :      0.00s CPU      0.01s WALL (      48 calls)
 
     Parallel routines
 
     Plugins
 
 
     GIPAW        :     12.82s CPU     27.30s WALL

 
   This run was terminated on:  21: 5:31   2May2021            

=------------------------------------------------------------------------------=
   JOB DONE.
=------------------------------------------------------------------------------=
