
     Program GIPAW v.6.4.1 starts on  3May2021 at  9:23:15 

     This program is part of the open-source Quantum ESPRESSO suite
     for quantum simulation of materials; please cite
         "P. Giannozzi et al., J. Phys.:Condens. Matter 21 395502 (2009);
         "P. Giannozzi et al., J. Phys.:Condens. Matter 29 465901 (2017);
          URL http://www.quantum-espresso.org", 
     in publications or presentations arising from this work. More details at
     http://www.quantum-espresso.org/quote

     Parallel version (MPI), running on    96 processors

     MPI processes distributed on     4 nodes
     R & G space division:  proc/nbgrp/npool/nimage =      96
 
     ***** This is GIPAW git revision 4132a64778b91c4b090d0213938e00d7b2b64b10 *****
     ***** you can cite: N. Varini et al., Comp. Phys. Comm. 184, 1827 (2013)  *****
     ***** in publications or presentations arising from this work.            *****
 
     Parallelizing q-star over 1 images

     Reading data from directory:
     ./tmp/MnO2.save/

     IMPORTANT: XC functional enforced from input :
     Exchange-correlation      = PBE ( 1  4  3  4 0 0)
     Any further DFT definition will be discarded
     Please, verify this is what you really want

               file Mn.pbe-spn-kjpaw_psl.0.3.1.UPF: wavefunction(s)  3P 3D renormalized
               file Mn.pbe-spn-kjpaw_psl.0.3.1.UPF: wavefunction(s)  3P 3D renormalized
               file O.pbe-nl-kjpaw_psl.1.0.0.UPF: wavefunction(s)  2S 2P renormalized
 
     Parallelization info
     --------------------
     sticks:   dense  smooth     PW     G-vecs:    dense   smooth      PW
     Min          40      16      4                 2486      628      90
     Max          41      17      5                 2497      635      97
     Sum        3909    1565    437               239351    60597    8907
 
     Generating pointlists ...
     new r_m :   0.1761 (alat units)  1.4637 (a.u.) for type    1
     new r_m :   0.1761 (alat units)  1.4637 (a.u.) for type    2
     new r_m :   0.1761 (alat units)  1.4637 (a.u.) for type    3

     Check: negative core charge=   -0.000003

     Subspace diagonalization in iterative solution of the eigenvalue problem:
     one sub-group per k-point group (pool) will be used
     scalapack distributed-memory algorithm (size of sub-group:  6*  6 procs)

     GIPAW projectors -----------------------------------------------
     atom=  Mn1  l=0  rc=    1.7000  rs=    1.1333
     atom=  Mn1  l=0  rc=    1.6000  rs=    1.0667
     atom=  Mn1  l=1  rc=    1.9000  rs=    1.2667
     atom=  Mn1  l=1  rc=    1.9000  rs=    1.2667
     atom=  Mn1  l=2  rc=    1.6000  rs=    1.0667
     atom=  Mn1  l=2  rc=    1.6000  rs=    1.0667
     projs nearly linearly dependent: l=2  n1,n2= 1, 2  s=  0.99954374
 
     atom=  Mn2  l=0  rc=    1.7000  rs=    1.1333
     atom=  Mn2  l=0  rc=    1.6000  rs=    1.0667
     atom=  Mn2  l=1  rc=    1.9000  rs=    1.2667
     atom=  Mn2  l=1  rc=    1.9000  rs=    1.2667
     atom=  Mn2  l=2  rc=    1.6000  rs=    1.0667
     atom=  Mn2  l=2  rc=    1.6000  rs=    1.0667
     projs nearly linearly dependent: l=2  n1,n2= 1, 2  s=  0.99954374
 
     atom=  O    l=0  rc=    1.3000  rs=    0.8667
     atom=  O    l=0  rc=    1.3000  rs=    0.8667
     atom=  O    l=1  rc=    1.4500  rs=    0.9667
     atom=  O    l=1  rc=    1.4500  rs=    0.9667
     projs nearly linearly dependent: l=1  n1,n2= 1, 2  s=  0.99651136
     -----------------------------------------------------------------
 
     GIPAW integrals: -------------------------------------------
     Atom  i/j   nmr_para   nmr_dia   epr_rmc  epr_para   epr_dia
       Mn1 1 1   0.65E+04  0.45E+00  0.27E+02  0.33E+10  0.20E+04
       Mn1 2 1   0.28E+04 -0.11E+01  0.98E+01  0.15E+10  0.81E+03
       Mn1 2 2   0.11E+04 -0.21E+01 -0.20E+01  0.65E+09  0.28E+03
       Mn1 3 3   0.15E+03  0.32E+01  0.55E+02  0.37E+06  0.11E+04
       Mn1 4 3   0.15E+03  0.35E+01  0.61E+02  0.38E+06  0.11E+04
       Mn1 4 4   0.16E+03  0.29E+01  0.68E+02  0.39E+06  0.11E+04
       Mn1 5 5   0.12E+02  0.22E+01  0.31E+02  0.34E+04  0.32E+03
       Mn1 6 5   0.13E+02  0.24E+01  0.33E+02  0.36E+04  0.33E+03
       Mn1 6 6   0.14E+02  0.25E+01  0.35E+02  0.38E+04  0.35E+03
       Mn2 1 1   0.65E+04  0.45E+00  0.27E+02  0.33E+10  0.20E+04
       Mn2 2 1   0.28E+04 -0.11E+01  0.98E+01  0.15E+10  0.81E+03
       Mn2 2 2   0.11E+04 -0.21E+01 -0.20E+01  0.65E+09  0.28E+03
       Mn2 3 3   0.15E+03  0.32E+01  0.55E+02  0.37E+06  0.11E+04
       Mn2 4 3   0.15E+03  0.35E+01  0.61E+02  0.38E+06  0.11E+04
       Mn2 4 4   0.16E+03  0.29E+01  0.68E+02  0.39E+06  0.11E+04
       Mn2 5 5   0.12E+02  0.22E+01  0.31E+02  0.34E+04  0.32E+03
       Mn2 6 5   0.13E+02  0.24E+01  0.33E+02  0.36E+04  0.33E+03
       Mn2 6 6   0.14E+02  0.25E+01  0.35E+02  0.38E+04  0.35E+03
       O   1 1   0.81E+03 -0.32E+00  0.65E+01  0.43E+08  0.24E+03
       O   2 1   0.91E+03 -0.39E+00  0.71E+01  0.48E+08  0.27E+03
       O   2 2   0.10E+04 -0.48E+00  0.78E+01  0.55E+08  0.31E+03
       O   3 3   0.10E+02  0.99E+00  0.64E+01  0.23E+04  0.76E+02
       O   4 3   0.12E+02  0.11E+01  0.75E+01  0.27E+04  0.87E+02
       O   4 4   0.13E+02  0.13E+01  0.88E+01  0.31E+04  0.99E+02
     ------------------------------------------------------------
 
     alpha_pv=    162.8828 eV
 
     Number of occupied bands for each k-point:
     k-point:     1    nbnd_occ=  54
     k-point:     2    nbnd_occ=  54
     k-point:     3    nbnd_occ=  54
     k-point:     4    nbnd_occ=  54
     k-point:     5    nbnd_occ=  54
     k-point:     6    nbnd_occ=  54
     k-point:     7    nbnd_occ=  54
     k-point:     8    nbnd_occ=  54
     k-point:     9    nbnd_occ=  54
     k-point:    10    nbnd_occ=  54
     k-point:    11    nbnd_occ=  54
     k-point:    12    nbnd_occ=  54
 
 
     q-space interpolation up to    77.00 Rydberg
 
     GIPAW job: efg                                                                             
 

     (RHO,ZETA) => (RHO_UP,RHO_DOWN)

     select_spin: s_maj=1 s_min=2 rho_diff=    0.000000
 
 
     ELECTRIC FIELD GRADIENTS TENSORS IN Hartree/bohrradius^2:
 
     ----- bare term -----
     Mn1  1        0.118160       -0.051938        0.000815
     Mn1  1       -0.051938        0.085720       -0.000022
     Mn1  1        0.000815       -0.000022       -0.203880
 
     Mn2  2        0.096484        0.108776       -0.001610
     Mn2  2        0.108776        0.068399       -0.004091
     Mn2  2       -0.001610       -0.004091       -0.164883
 
     Mn2  3        0.118158       -0.051938        0.000815
     Mn2  3       -0.051938        0.085718       -0.000022
     Mn2  3        0.000815       -0.000022       -0.203876
 
     Mn1  4        0.096485        0.108776       -0.001611
     Mn1  4        0.108776        0.068399       -0.004091
     Mn1  4       -0.001611       -0.004091       -0.164884
 
     O    5        0.006960       -0.324301       -0.005046
     O    5       -0.324301        0.012635       -0.005078
     O    5       -0.005046       -0.005078       -0.019595
 
     O    6        0.006714       -0.329717        0.010224
     O    6       -0.329717        0.014567       -0.003777
     O    6        0.010224       -0.003777       -0.021281
 
     O    7       -0.001691        0.358051       -0.004395
     O    7        0.358051        0.012076       -0.006971
     O    7       -0.004395       -0.006971       -0.010385
 
     O    8        0.006625        0.356627       -0.016110
     O    8        0.356627        0.005280       -0.009815
     O    8       -0.016110       -0.009815       -0.011905
 
     O    9        0.006959       -0.324293       -0.005045
     O    9       -0.324293        0.012635       -0.005076
     O    9       -0.005045       -0.005076       -0.019594
 
     O   10        0.006712       -0.329710        0.010222
     O   10       -0.329710        0.014566       -0.003778
     O   10        0.010222       -0.003778       -0.021278
 
     O   11       -0.001689        0.358056       -0.004392
     O   11        0.358056        0.012077       -0.006974
     O   11       -0.004392       -0.006974       -0.010388
 
     O   12        0.006627        0.356632       -0.016114
     O   12        0.356632        0.005282       -0.009812
     O   12       -0.016114       -0.009812       -0.011909
 
     ----- ionic term -----
     Mn1  1       -0.134170        0.023073        0.000000
     Mn1  1        0.023073       -0.134170        0.000000
     Mn1  1        0.000000        0.000000        0.268339
 
     Mn2  2       -0.134170       -0.023072        0.000000
     Mn2  2       -0.023072       -0.134170        0.000000
     Mn2  2        0.000000        0.000000        0.268340
 
     Mn2  3       -0.134170        0.023072       -0.000000
     Mn2  3        0.023072       -0.134170       -0.000000
     Mn2  3       -0.000000       -0.000000        0.268340
 
     Mn1  4       -0.134170       -0.023073        0.000000
     Mn1  4       -0.023073       -0.134170        0.000000
     Mn1  4        0.000000        0.000000        0.268339
 
     O    5       -0.067160        0.810995        0.009052
     O    5        0.810995       -0.067160        0.009052
     O    5        0.009052        0.009052        0.134320
 
     O    6       -0.067160        0.810995       -0.009052
     O    6        0.810995       -0.067160       -0.009052
     O    6       -0.009052       -0.009052        0.134320
 
     O    7       -0.067161       -0.810991       -0.009048
     O    7       -0.810991       -0.067161        0.009048
     O    7       -0.009048        0.009048        0.134321
 
     O    8       -0.067161       -0.810991        0.009048
     O    8       -0.810991       -0.067161       -0.009048
     O    8        0.009048       -0.009048        0.134321
 
     O    9       -0.067161        0.810991        0.009048
     O    9        0.810991       -0.067161        0.009048
     O    9        0.009048        0.009048        0.134321
 
     O   10       -0.067161        0.810991       -0.009048
     O   10        0.810991       -0.067161       -0.009048
     O   10       -0.009048       -0.009048        0.134321
 
     O   11       -0.067160       -0.810995       -0.009052
     O   11       -0.810995       -0.067160        0.009052
     O   11       -0.009052        0.009052        0.134320
 
     O   12       -0.067160       -0.810995        0.009052
     O   12       -0.810995       -0.067160       -0.009052
     O   12        0.009052       -0.009052        0.134320
 
     ----- GIPAW term -----
     Mn1  1        0.165331        0.068926        0.013964
     Mn1  1        0.068926       -0.042233       -0.010235
     Mn1  1        0.013964       -0.010235       -0.123099
 
     Mn2  2        0.172651        0.024022        0.011530
     Mn2  2        0.024022       -0.023096       -0.004631
     Mn2  2        0.011530       -0.004631       -0.149555
 
     Mn2  3        0.165314        0.068909        0.013970
     Mn2  3        0.068909       -0.042249       -0.010237
     Mn2  3        0.013970       -0.010237       -0.123065
 
     Mn1  4        0.172651        0.024009        0.011532
     Mn1  4        0.024009       -0.023094       -0.004629
     Mn1  4        0.011532       -0.004629       -0.149556
 
     O    5       -0.108704        0.648048        0.000625
     O    5        0.648048       -0.096052        0.002331
     O    5        0.000625        0.002331        0.204756
 
     O    6       -0.109278        0.631007        0.014745
     O    6        0.631007       -0.089924       -0.029244
     O    6        0.014745       -0.029244        0.199202
 
     O    7       -0.140026       -0.538786       -0.031002
     O    7       -0.538786       -0.102136       -0.003485
     O    7       -0.031002       -0.003485        0.242162
 
     O    8       -0.114570       -0.543001       -0.033948
     O    8       -0.543001       -0.123027       -0.047575
     O    8       -0.033948       -0.047575        0.237597
 
     O    9       -0.108705        0.648068        0.000617
     O    9        0.648068       -0.096050        0.002326
     O    9        0.000617        0.002326        0.204755
 
     O   10       -0.109280        0.631025        0.014752
     O   10        0.631025       -0.089926       -0.029238
     O   10        0.014752       -0.029238        0.199207
 
     O   11       -0.140022       -0.538776       -0.031004
     O   11       -0.538776       -0.102135       -0.003485
     O   11       -0.031004       -0.003485        0.242157
 
     O   12       -0.114564       -0.542990       -0.033950
     O   12       -0.542990       -0.123025       -0.047576
     O   12       -0.033950       -0.047576        0.237588
 
     ----- total EFG -----
     Mn1  1        0.149322        0.040062        0.014779
     Mn1  1        0.040062       -0.090683       -0.010256
     Mn1  1        0.014779       -0.010256       -0.058639
 
     Mn2  2        0.134965        0.109727        0.009919
     Mn2  2        0.109727       -0.088867       -0.008722
     Mn2  2        0.009919       -0.008722       -0.046097
 
     Mn2  3        0.149302        0.040044        0.014785
     Mn2  3        0.040044       -0.090701       -0.010259
     Mn2  3        0.014785       -0.010259       -0.058600
 
     Mn1  4        0.134966        0.109712        0.009922
     Mn1  4        0.109712       -0.088865       -0.008721
     Mn1  4        0.009922       -0.008721       -0.046101
 
     O    5       -0.168904        1.134741        0.004631
     O    5        1.134741       -0.150577        0.006305
     O    5        0.004631        0.006305        0.319481
 
     O    6       -0.169724        1.112285        0.015917
     O    6        1.112285       -0.142517       -0.042072
     O    6        0.015917       -0.042072        0.312241
 
     O    7       -0.208877       -0.991726       -0.044445
     O    7       -0.991726       -0.157221       -0.001409
     O    7       -0.044445       -0.001409        0.366098
 
     O    8       -0.175106       -0.997364       -0.041010
     O    8       -0.997364       -0.184908       -0.066439
     O    8       -0.041010       -0.066439        0.360013
 
     O    9       -0.168906        1.134766        0.004620
     O    9        1.134766       -0.150576        0.006298
     O    9        0.004620        0.006298        0.319482
 
     O   10       -0.169728        1.112306        0.015926
     O   10        1.112306       -0.142521       -0.042064
     O   10        0.015926       -0.042064        0.312249
 
     O   11       -0.208871       -0.991716       -0.044448
     O   11       -0.991716       -0.157218       -0.001408
     O   11       -0.044448       -0.001408        0.366089
 
     O   12       -0.175097       -0.997353       -0.041012
     O   12       -0.997353       -0.184903       -0.066440
     O   12       -0.041012       -0.066440        0.360000
 
     ----- total EFG (symmetrized) -----
     Mn1  1        0.026185       -0.034825        0.000000
     Mn1  1       -0.034825        0.026185        0.000000
     Mn1  1        0.000000        0.000000       -0.052370
 
     Mn2  2        0.026174        0.034841        0.000000
     Mn2  2        0.034841        0.026174        0.000000
     Mn2  2        0.000000        0.000000       -0.052349
 
     Mn2  3        0.026174       -0.034841        0.000000
     Mn2  3       -0.034841        0.026174        0.000000
     Mn2  3        0.000000        0.000000       -0.052349
 
     Mn1  4        0.026185        0.034825        0.000000
     Mn1  4        0.034825        0.026185        0.000000
     Mn1  4        0.000000        0.000000       -0.052370
 
     O    5       -0.169726        1.059024        0.013195
     O    5        1.059024       -0.169726        0.013195
     O    5        0.013195        0.013195        0.339453
 
     O    6       -0.169726        1.059024       -0.013195
     O    6        1.059024       -0.169726       -0.013195
     O    6       -0.013195       -0.013195        0.339453
 
     O    7       -0.169730       -1.059041       -0.013190
     O    7       -1.059041       -0.169730        0.013190
     O    7       -0.013190        0.013190        0.339461
 
     O    8       -0.169730       -1.059041        0.013190
     O    8       -1.059041       -0.169730       -0.013190
     O    8        0.013190       -0.013190        0.339461
 
     O    9       -0.169730        1.059041        0.013190
     O    9        1.059041       -0.169730        0.013190
     O    9        0.013190        0.013190        0.339461
 
     O   10       -0.169730        1.059041       -0.013190
     O   10        1.059041       -0.169730       -0.013190
     O   10       -0.013190       -0.013190        0.339461
 
     O   11       -0.169726       -1.059024       -0.013195
     O   11       -1.059024       -0.169726        0.013195
     O   11       -0.013195        0.013195        0.339453
 
     O   12       -0.169726       -1.059024        0.013195
     O   12       -1.059024       -0.169726       -0.013195
     O   12        0.013195       -0.013195        0.339453
 
 
     NQR/NMR SPECTROSCOPIC PARAMETERS:
     Mn1  1    Vxx=   -0.0086    axis=( -0.707107 -0.707107  0.000000)
     Mn1  1    Vyy=   -0.0524    axis=(  0.000000  0.000000  1.000000)
     Mn1  1    Vzz=    0.0610    axis=( -0.707107  0.707107  0.000000)
     Mn1  1  Q=        33.0000 1e-30 m^2  Cq=         4.7305 MHz  eta= 0.71676
 
     Mn2  2    Vxx=   -0.0087    axis=( -0.707107  0.707107  0.000000)
     Mn2  2    Vyy=   -0.0523    axis=(  0.000000  0.000000  1.000000)
     Mn2  2    Vzz=    0.0610    axis=(  0.707107  0.707107  0.000000)
     Mn2  2  Q=        33.0000 1e-30 m^2  Cq=         4.7310 MHz  eta= 0.71592
 
     Mn2  3    Vxx=   -0.0087    axis=( -0.707107 -0.707107  0.000000)
     Mn2  3    Vyy=   -0.0523    axis=(  0.000000  0.000000  1.000000)
     Mn2  3    Vzz=    0.0610    axis=( -0.707107  0.707107  0.000000)
     Mn2  3  Q=        33.0000 1e-30 m^2  Cq=         4.7310 MHz  eta= 0.71592
 
     Mn1  4    Vxx=   -0.0086    axis=( -0.707107  0.707107  0.000000)
     Mn1  4    Vyy=   -0.0524    axis=(  0.000000  0.000000  1.000000)
     Mn1  4    Vzz=    0.0610    axis=(  0.707107  0.707107  0.000000)
     Mn1  4  Q=        33.0000 1e-30 m^2  Cq=         4.7305 MHz  eta= 0.71676
 
     O    5    Vxx=    0.3388    axis=(  0.023956  0.023956 -0.999426)
     O    5    Vyy=    0.8899    axis=(  0.706701  0.706701  0.033879)
     O    5    Vzz=   -1.2288    axis=(  0.707107 -0.707107  0.000000)
     O    5  Q=        -2.5600 1e-30 m^2  Cq=         7.3909 MHz  eta= 0.44851
 
     O    6    Vxx=    0.3388    axis=( -0.023956 -0.023956 -0.999426)
     O    6    Vyy=    0.8899    axis=(  0.706701  0.706701 -0.033879)
     O    6    Vzz=   -1.2288    axis=(  0.707107 -0.707107  0.000000)
     O    6  Q=        -2.5600 1e-30 m^2  Cq=         7.3909 MHz  eta= 0.44851
 
     O    7    Vxx=    0.3388    axis=( -0.023947  0.023947 -0.999426)
     O    7    Vyy=    0.8899    axis=( -0.706701  0.706701  0.033866)
     O    7    Vzz=   -1.2288    axis=(  0.707107  0.707107  0.000000)
     O    7  Q=        -2.5600 1e-30 m^2  Cq=         7.3910 MHz  eta= 0.44851
 
     O    8    Vxx=    0.3388    axis=(  0.023947 -0.023947 -0.999426)
     O    8    Vyy=    0.8899    axis=( -0.706701  0.706701 -0.033866)
     O    8    Vzz=   -1.2288    axis=(  0.707107  0.707107  0.000000)
     O    8  Q=        -2.5600 1e-30 m^2  Cq=         7.3910 MHz  eta= 0.44851
 
     O    9    Vxx=    0.3388    axis=( -0.023947 -0.023947  0.999426)
     O    9    Vyy=    0.8899    axis=( -0.706701 -0.706701 -0.033866)
     O    9    Vzz=   -1.2288    axis=(  0.707107 -0.707107  0.000000)
     O    9  Q=        -2.5600 1e-30 m^2  Cq=         7.3910 MHz  eta= 0.44851
 
     O   10    Vxx=    0.3388    axis=( -0.023947 -0.023947 -0.999426)
     O   10    Vyy=    0.8899    axis=(  0.706701  0.706701 -0.033866)
     O   10    Vzz=   -1.2288    axis=(  0.707107 -0.707107  0.000000)
     O   10  Q=        -2.5600 1e-30 m^2  Cq=         7.3910 MHz  eta= 0.44851
 
     O   11    Vxx=    0.3388    axis=( -0.023956  0.023956 -0.999426)
     O   11    Vyy=    0.8899    axis=( -0.706701  0.706701  0.033879)
     O   11    Vzz=   -1.2288    axis=(  0.707107  0.707107  0.000000)
     O   11  Q=        -2.5600 1e-30 m^2  Cq=         7.3909 MHz  eta= 0.44851
 
     O   12    Vxx=    0.3388    axis=(  0.023956 -0.023956 -0.999426)
     O   12    Vyy=    0.8899    axis=( -0.706701  0.706701 -0.033879)
     O   12    Vzz=   -1.2288    axis=(  0.707107  0.707107  0.000000)
     O   12  Q=        -2.5600 1e-30 m^2  Cq=         7.3909 MHz  eta= 0.44851
 
     Initialization:
     gipaw_setup  :      0.22s CPU      0.45s WALL (       1 calls)
 
     Linear response
 
     Apply operators
 
     Induced current
 
     Other routines
     efg          :      0.87s CPU      1.81s WALL (       1 calls)
 
     General routines
     calbec       :      0.03s CPU      0.04s WALL (      12 calls)
     fft          :      0.29s CPU      0.60s WALL (      28 calls)
     ffts         :      0.00s CPU      0.01s WALL (       3 calls)
     fftw         :      0.77s CPU      1.62s WALL (     780 calls)
     davcio       :      0.00s CPU      0.14s WALL (      36 calls)
 
     Parallel routines
 
     Plugins
 
 
     GIPAW        :      8.19s CPU     16.70s WALL

 
   This run was terminated on:   9:23:31   3May2021            

=------------------------------------------------------------------------------=
   JOB DONE.
=------------------------------------------------------------------------------=
